[Modules] Modules initializing
[Modules] Distribution: remote
[Modules] Host updates: enabled
[Modules] Module updates: enabled
[Modules] Module install path: /home/fleip/.config/discord/0.0.5/modules
[Modules] Module installed file path: /home/fleip/.config/discord/0.0.5/modules/installed.json
[Modules] Module download path: /home/fleip/.config/discord/0.0.5/modules/pending
[Modules] Bootstrapping...
[Modules] Installing discord_desktop_core@1 from /opt/discord/resources/bootstrap/discord_desktop_core.zip
[Modules] Installing discord_erlpack@1 from /opt/discord/resources/bootstrap/discord_erlpack.zip
[Modules] Installing discord_game_utils@1 from /opt/discord/resources/bootstrap/discord_game_utils.zip
[Modules] Installing discord_rpc@1 from /opt/discord/resources/bootstrap/discord_rpc.zip
[Modules] Installing discord_spellcheck@1 from /opt/discord/resources/bootstrap/discord_spellcheck.zip
[Modules] Installing discord_utils@1 from /opt/discord/resources/bootstrap/discord_utils.zip
[Modules] Installing discord_voice@1 from /opt/discord/resources/bootstrap/discord_voice.zip
[Modules] Finished module installations. [success: 7] [failure: 0]
[Modules] Checking for host updates.
[Modules] Host is up to date.
[Modules] Checking for module updates at https://discordapp.com/api/modules/stable/versions.json
[Modules] No module updates available.
[Modules] Starting to install discord_vigilante...
[Modules] Fetching discord_vigilante@0 from https://discordapp.com/api/modules/stable/discord_vigilante/0
[Modules] Streaming discord_vigilante@0 [255 bytes] to /home/fleip/.config/discord/0.0.5/modules/pending/discord_vigilante-0.zip
[Modules] Finished module downloads. [success: 0] [failure: 1]
[Modules] Checking for host updates.
[Modules] Host is up to date.
[Modules] Checking for module updates at https://discordapp.com/api/modules/stable/versions.json
[Modules] No module updates available.
[Modules] Starting to install discord_contact_import...
[Modules] Fetching discord_contact_import@1 from https://discordapp.com/api/modules/stable/discord_contact_import/1
[Modules] Streaming discord_contact_import@1 [4039155 bytes] to /home/fleip/.config/discord/0.0.5/modules/pending/discord_contact_import-1.zip
[Modules] Finished module downloads. [success: 1] [failure: 0]
[Modules] Installing discord_contact_import@1 from /home/fleip/.config/discord/0.0.5/modules/pending/discord_contact_import-1.zip
[Modules] Finished module installations. [success: 1] [failure: 0]
[Modules] Checking for host updates.
[Modules] Host is up to date.
[Modules] Checking for module updates at https://discordapp.com/api/modules/stable/versions.json
[Modules] No module updates available.
[Modules] Checking for host updates.
[Modules] Host is up to date.
[Modules] Checking for module updates at https://discordapp.com/api/modules/stable/versions.json
[Modules] No module updates available.
[Modules] Checking for host updates.
[Modules] Host is up to date.
[Modules] Checking for module updates at https://discordapp.com/api/modules/stable/versions.json
[Modules] No module updates available.
[Modules] Modules initializing
[Modules] Distribution: remote
[Modules] Host updates: enabled
[Modules] Module updates: enabled
[Modules] Module install path: /home/fleip/.config/discord/0.0.5/modules
[Modules] Module installed file path: /home/fleip/.config/discord/0.0.5/modules/installed.json
[Modules] Module download path: /home/fleip/.config/discord/0.0.5/modules/pending
[Modules] No updates to install
[Modules] Checking for host updates.
[Modules] Host is up to date.
[Modules] Checking for module updates at https://discordapp.com/api/modules/stable/versions.json
[Modules] No module updates available.
[Modules] Starting to install discord_vigilante...
[Modules] Fetching discord_vigilante@0 from https://discordapp.com/api/modules/stable/discord_vigilante/0
[Modules] Streaming discord_vigilante@0 [255 bytes] to /home/fleip/.config/discord/0.0.5/modules/pending/discord_vigilante-0.zip
[Modules] Finished module downloads. [success: 0] [failure: 1]
[Modules] Checking for host updates.
[Modules] Host is up to date.
[Modules] Checking for module updates at https://discordapp.com/api/modules/stable/versions.json
[Modules] No module updates available.
[Modules] Checking for host updates.
[Modules] Host is up to date.
[Modules] Checking for module updates at https://discordapp.com/api/modules/stable/versions.json
[Modules] No module updates available.
[Modules] Checking for host updates.
[Modules] Host is up to date.
[Modules] Checking for module updates at https://discordapp.com/api/modules/stable/versions.json
[Modules] No module updates available.
[Modules] Modules initializing
[Modules] Distribution: remote
[Modules] Host updates: enabled
[Modules] Module updates: enabled
[Modules] Module install path: /home/fleip/.config/discord/0.0.5/modules
[Modules] Module installed file path: /home/fleip/.config/discord/0.0.5/modules/installed.json
[Modules] Module download path: /home/fleip/.config/discord/0.0.5/modules/pending
[Modules] No updates to install
[Modules] Checking for host updates.
[Modules] Host is up to date.
[Modules] Checking for module updates at https://discordapp.com/api/modules/stable/versions.json
[Modules] No module updates available.
[Modules] Starting to install discord_vigilante...
[Modules] Fetching discord_vigilante@0 from https://discordapp.com/api/modules/stable/discord_vigilante/0
[Modules] Streaming discord_vigilante@0 [255 bytes] to /home/fleip/.config/discord/0.0.5/modules/pending/discord_vigilante-0.zip
[Modules] Finished module downloads. [success: 0] [failure: 1]
[Modules] Checking for host updates.
[Modules] Host is up to date.
[Modules] Checking for module updates at https://discordapp.com/api/modules/stable/versions.json
[Modules] No module updates available.
[Modules] Modules initializing
[Modules] Distribution: remote
[Modules] Host updates: enabled
[Modules] Module updates: enabled
[Modules] Module install path: /home/fleip/.config/discord/0.0.5/modules
[Modules] Module installed file path: /home/fleip/.config/discord/0.0.5/modules/installed.json
[Modules] Module download path: /home/fleip/.config/discord/0.0.5/modules/pending
[Modules] No updates to install
[Modules] Checking for host updates.
[Modules] Host is up to date.
[Modules] Checking for module updates at https://discordapp.com/api/modules/stable/versions.json
[Modules] No module updates available.
[Modules] Starting to install discord_vigilante...
[Modules] Fetching discord_vigilante@0 from https://discordapp.com/api/modules/stable/discord_vigilante/0
[Modules] Streaming discord_vigilante@0 [255 bytes] to /home/fleip/.config/discord/0.0.5/modules/pending/discord_vigilante-0.zip
[Modules] Finished module downloads. [success: 0] [failure: 1]
[Modules] Checking for host updates.
[Modules] Host is up to date.
[Modules] Checking for module updates at https://discordapp.com/api/modules/stable/versions.json
[Modules] No module updates available.
[Modules] Checking for host updates.
[Modules] Host is up to date.
[Modules] Checking for module updates at https://discordapp.com/api/modules/stable/versions.json
[Modules] No module updates available.
[Modules] Checking for host updates.
[Modules] Host is up to date.
[Modules] Checking for module updates at https://discordapp.com/api/modules/stable/versions.json
[Modules] No module updates available.
[Modules] Checking for host updates.
[Modules] Host is up to date.
[Modules] Checking for module updates at https://discordapp.com/api/modules/stable/versions.json
[Modules] No module updates available.
[Modules] Modules initializing
[Modules] Distribution: remote
[Modules] Host updates: enabled
[Modules] Module updates: enabled
[Modules] Module install path: /home/fleip/.config/discord/0.0.5/modules
[Modules] Module installed file path: /home/fleip/.config/discord/0.0.5/modules/installed.json
[Modules] Module download path: /home/fleip/.config/discord/0.0.5/modules/pending
[Modules] No updates to install
[Modules] Checking for host updates.
[Modules] Host is up to date.
[Modules] Checking for module updates at https://discordapp.com/api/modules/stable/versions.json
[Modules] No module updates available.
[Modules] Starting to install discord_vigilante...
[Modules] Fetching discord_vigilante@0 from https://discordapp.com/api/modules/stable/discord_vigilante/0
[Modules] Streaming discord_vigilante@0 [255 bytes] to /home/fleip/.config/discord/0.0.5/modules/pending/discord_vigilante-0.zip
[Modules] Finished module downloads. [success: 0] [failure: 1]
[Modules] Checking for host updates.
[Modules] Host is up to date.
[Modules] Checking for module updates at https://discordapp.com/api/modules/stable/versions.json
[Modules] No module updates available.
[Modules] Checking for host updates.
[Modules] Host is up to date.
[Modules] Checking for module updates at https://discordapp.com/api/modules/stable/versions.json
[Modules] No module updates available.
[Modules] Checking for host updates.
[Modules] Host is up to date.
[Modules] Checking for module updates at https://discordapp.com/api/modules/stable/versions.json
[Modules] No module updates available.
[Modules] Modules initializing
[Modules] Distribution: remote
[Modules] Host updates: enabled
[Modules] Module updates: enabled
[Modules] Module install path: /home/fleip/.config/discord/0.0.5/modules
[Modules] Module installed file path: /home/fleip/.config/discord/0.0.5/modules/installed.json
[Modules] Module download path: /home/fleip/.config/discord/0.0.5/modules/pending
[Modules] No updates to install
[Modules] Checking for host updates.
[Modules] Host is up to date.
[Modules] Checking for module updates at https://discordapp.com/api/modules/stable/versions.json
[Modules] No module updates available.
[Modules] Starting to install discord_vigilante...
[Modules] Fetching discord_vigilante@0 from https://discordapp.com/api/modules/stable/discord_vigilante/0
[Modules] Streaming discord_vigilante@0 [255 bytes] to /home/fleip/.config/discord/0.0.5/modules/pending/discord_vigilante-0.zip
[Modules] Finished module downloads. [success: 0] [failure: 1]
[Modules] Checking for host updates.
[Modules] Host is up to date.
[Modules] Checking for module updates at https://discordapp.com/api/modules/stable/versions.json
[Modules] No module updates available.
[Modules] Checking for host updates.
[Modules] Host is up to date.
[Modules] Checking for module updates at https://discordapp.com/api/modules/stable/versions.json
[Modules] No module updates available.
[Modules] Modules initializing
[Modules] Distribution: remote
[Modules] Host updates: enabled
[Modules] Module updates: enabled
[Modules] Module install path: /home/fleip/.config/discord/0.0.5/modules
[Modules] Module installed file path: /home/fleip/.config/discord/0.0.5/modules/installed.json
[Modules] Module download path: /home/fleip/.config/discord/0.0.5/modules/pending
[Modules] No updates to install
[Modules] Checking for host updates.
[Modules] Host is up to date.
[Modules] Checking for module updates at https://discordapp.com/api/modules/stable/versions.json
[Modules] No module updates available.
[Modules] Starting to install discord_vigilante...
[Modules] Fetching discord_vigilante@0 from https://discordapp.com/api/modules/stable/discord_vigilante/0
[Modules] Streaming discord_vigilante@0 [255 bytes] to /home/fleip/.config/discord/0.0.5/modules/pending/discord_vigilante-0.zip
[Modules] Finished module downloads. [success: 0] [failure: 1]
[Modules] Checking for host updates.
[Modules] Host is up to date.
[Modules] Checking for module updates at https://discordapp.com/api/modules/stable/versions.json
[Modules] No module updates available.
[Modules] Checking for host updates.
[Modules] Host is up to date.
[Modules] Checking for module updates at https://discordapp.com/api/modules/stable/versions.json
[Modules] No module updates available.
[Modules] Modules initializing
[Modules] Distribution: remote
[Modules] Host updates: enabled
[Modules] Module updates: enabled
[Modules] Module install path: /home/fleip/.config/discord/0.0.5/modules
[Modules] Module installed file path: /home/fleip/.config/discord/0.0.5/modules/installed.json
[Modules] Module download path: /home/fleip/.config/discord/0.0.5/modules/pending
[Modules] No updates to install
[Modules] Checking for host updates.
[Modules] Host is up to date.
[Modules] Checking for module updates at https://discordapp.com/api/modules/stable/versions.json
[Modules] No module updates available.
[Modules] Starting to install discord_vigilante...
[Modules] Fetching discord_vigilante@0 from https://discordapp.com/api/modules/stable/discord_vigilante/0
[Modules] Streaming discord_vigilante@0 [255 bytes] to /home/fleip/.config/discord/0.0.5/modules/pending/discord_vigilante-0.zip
[Modules] Finished module downloads. [success: 0] [failure: 1]
[Modules] Checking for host updates.
[Modules] Host is up to date.
[Modules] Checking for module updates at https://discordapp.com/api/modules/stable/versions.json
[Modules] No module updates available.
[Modules] Checking for host updates.
[Modules] Host is up to date.
[Modules] Checking for module updates at https://discordapp.com/api/modules/stable/versions.json
[Modules] No module updates available.
[Modules] Modules initializing
[Modules] Distribution: remote
[Modules] Host updates: enabled
[Modules] Module updates: enabled
[Modules] Module install path: /home/fleip/.config/discord/0.0.5/modules
[Modules] Module installed file path: /home/fleip/.config/discord/0.0.5/modules/installed.json
[Modules] Module download path: /home/fleip/.config/discord/0.0.5/modules/pending
[Modules] No updates to install
[Modules] Checking for host updates.
[Modules] Host is up to date.
[Modules] Checking for module updates at https://discordapp.com/api/modules/stable/versions.json
[Modules] No module updates available.
[Modules] Starting to install discord_vigilante...
[Modules] Fetching discord_vigilante@0 from https://discordapp.com/api/modules/stable/discord_vigilante/0
[Modules] Streaming discord_vigilante@0 [255 bytes] to /home/fleip/.config/discord/0.0.5/modules/pending/discord_vigilante-0.zip
[Modules] Finished module downloads. [success: 0] [failure: 1]
[Modules] Checking for host updates.
[Modules] Host is up to date.
[Modules] Checking for module updates at https://discordapp.com/api/modules/stable/versions.json
[Modules] No module updates available.
[Modules] Checking for host updates.
[Modules] Host is up to date.
[Modules] Checking for module updates at https://discordapp.com/api/modules/stable/versions.json
[Modules] No module updates available.
[Modules] Modules initializing
[Modules] Distribution: remote
[Modules] Host updates: enabled
[Modules] Module updates: enabled
[Modules] Module install path: /home/fleip/.config/discord/0.0.5/modules
[Modules] Module installed file path: /home/fleip/.config/discord/0.0.5/modules/installed.json
[Modules] Module download path: /home/fleip/.config/discord/0.0.5/modules/pending
[Modules] No updates to install
[Modules] Checking for host updates.
[Modules] Host is up to date.
[Modules] Checking for module updates at https://discordapp.com/api/modules/stable/versions.json
[Modules] No module updates available.
[Modules] Starting to install discord_vigilante...
[Modules] Fetching discord_vigilante@0 from https://discordapp.com/api/modules/stable/discord_vigilante/0
[Modules] Streaming discord_vigilante@0 [255 bytes] to /home/fleip/.config/discord/0.0.5/modules/pending/discord_vigilante-0.zip
[Modules] Finished module downloads. [success: 0] [failure: 1]
[Modules] Checking for host updates.
[Modules] Host is up to date.
[Modules] Checking for module updates at https://discordapp.com/api/modules/stable/versions.json
[Modules] No module updates available.
[Modules] Checking for host updates.
[Modules] Host is up to date.
[Modules] Checking for module updates at https://discordapp.com/api/modules/stable/versions.json
[Modules] No module updates available.
[Modules] Checking for host updates.
[Modules] Host is up to date.
[Modules] Checking for module updates at https://discordapp.com/api/modules/stable/versions.json
[Modules] No module updates available.
[Modules] Checking for host updates.
[Modules] Host is up to date.
[Modules] Checking for module updates at https://discordapp.com/api/modules/stable/versions.json
[Modules] No module updates available.
[Modules] Checking for host updates.
[Modules] Host is up to date.
[Modules] Checking for module updates at https://discordapp.com/api/modules/stable/versions.json
[Modules] No module updates available.
[Modules] Checking for host updates.
[Modules] Host is up to date.
[Modules] Checking for module updates at https://discordapp.com/api/modules/stable/versions.json
[Modules] No module updates available.
[Modules] Checking for host updates.
[Modules] Host is up to date.
[Modules] Checking for module updates at https://discordapp.com/api/modules/stable/versions.json
[Modules] No module updates available.
[Modules] Checking for host updates.
[Modules] Host is up to date.
[Modules] Checking for module updates at https://discordapp.com/api/modules/stable/versions.json
[Modules] No module updates available.
[Modules] Checking for host updates.
[Modules] Host is up to date.
[Modules] Checking for module updates at https://discordapp.com/api/modules/stable/versions.json
[Modules] No module updates available.
[Modules] Checking for host updates.
[Modules] Host is up to date.
[Modules] Checking for module updates at https://discordapp.com/api/modules/stable/versions.json
[Modules] No module updates available.
[Modules] Checking for host updates.
[Modules] Host is up to date.
[Modules] Checking for module updates at https://discordapp.com/api/modules/stable/versions.json
[Modules] No module updates available.
[Modules] Modules initializing
[Modules] Distribution: remote
[Modules] Host updates: enabled
[Modules] Module updates: enabled
[Modules] Module install path: /home/fleip/.config/discord/0.0.5/modules
[Modules] Module installed file path: /home/fleip/.config/discord/0.0.5/modules/installed.json
[Modules] Module download path: /home/fleip/.config/discord/0.0.5/modules/pending
[Modules] No updates to install
[Modules] Checking for host updates.
[Modules] Host is up to date.
[Modules] Checking for module updates at https://discordapp.com/api/modules/stable/versions.json
[Modules] No module updates available.
[Modules] Starting to install discord_vigilante...
[Modules] Fetching discord_vigilante@0 from https://discordapp.com/api/modules/stable/discord_vigilante/0
[Modules] Streaming discord_vigilante@0 [255 bytes] to /home/fleip/.config/discord/0.0.5/modules/pending/discord_vigilante-0.zip
[Modules] Finished module downloads. [success: 0] [failure: 1]
[Modules] Checking for host updates.
[Modules] Host is up to date.
[Modules] Checking for module updates at https://discordapp.com/api/modules/stable/versions.json
[Modules] No module updates available.
[Modules] Modules initializing
[Modules] Distribution: remote
[Modules] Host updates: enabled
[Modules] Module updates: enabled
[Modules] Module install path: /home/fleip/.config/discord/0.0.5/modules
[Modules] Module installed file path: /home/fleip/.config/discord/0.0.5/modules/installed.json
[Modules] Module download path: /home/fleip/.config/discord/0.0.5/modules/pending
[Modules] No updates to install
[Modules] Checking for host updates.
[Modules] Host is up to date.
[Modules] Checking for module updates at https://discordapp.com/api/modules/stable/versions.json
[Modules] No module updates available.
[Modules] Starting to install discord_vigilante...
[Modules] Fetching discord_vigilante@0 from https://discordapp.com/api/modules/stable/discord_vigilante/0
[Modules] Streaming discord_vigilante@0 [255 bytes] to /home/fleip/.config/discord/0.0.5/modules/pending/discord_vigilante-0.zip
[Modules] Finished module downloads. [success: 0] [failure: 1]
[Modules] Checking for host updates.
[Modules] Host is up to date.
[Modules] Checking for module updates at https://discordapp.com/api/modules/stable/versions.json
[Modules] No module updates available.
[Modules] Checking for host updates.
[Modules] Host is up to date.
[Modules] Checking for module updates at https://discordapp.com/api/modules/stable/versions.json
[Modules] No module updates available.
[Modules] Modules initializing
[Modules] Distribution: remote
[Modules] Host updates: enabled
[Modules] Module updates: enabled
[Modules] Module install path: /home/fleip/.config/discord/0.0.5/modules
[Modules] Module installed file path: /home/fleip/.config/discord/0.0.5/modules/installed.json
[Modules] Module download path: /home/fleip/.config/discord/0.0.5/modules/pending
[Modules] No updates to install
[Modules] Checking for host updates.
[Modules] Host is up to date.
[Modules] Checking for module updates at https://discordapp.com/api/modules/stable/versions.json
[Modules] No module updates available.
[Modules] Starting to install discord_vigilante...
[Modules] Fetching discord_vigilante@0 from https://discordapp.com/api/modules/stable/discord_vigilante/0
[Modules] Streaming discord_vigilante@0 [255 bytes] to /home/fleip/.config/discord/0.0.5/modules/pending/discord_vigilante-0.zip
[Modules] Finished module downloads. [success: 0] [failure: 1]
[Modules] Checking for host updates.
[Modules] Host is up to date.
[Modules] Checking for module updates at https://discordapp.com/api/modules/stable/versions.json
[Modules] No module updates available.
[Modules] Checking for host updates.
[Modules] Host is up to date.
[Modules] Checking for module updates at https://discordapp.com/api/modules/stable/versions.json
[Modules] No module updates available.
[Modules] Checking for host updates.
[Modules] Host is up to date.
[Modules] Checking for module updates at https://discordapp.com/api/modules/stable/versions.json
[Modules] No module updates available.
[Modules] Checking for host updates.
[Modules] Host is up to date.
[Modules] Checking for module updates at https://discordapp.com/api/modules/stable/versions.json
[Modules] No module updates available.
[Modules] Checking for host updates.
[Modules] Host is up to date.
[Modules] Checking for module updates at https://discordapp.com/api/modules/stable/versions.json
[Modules] No module updates available.
[Modules] Checking for host updates.
[Modules] Host is up to date.
[Modules] Checking for module updates at https://discordapp.com/api/modules/stable/versions.json
[Modules] No module updates available.
[Modules] Checking for host updates.
[Modules] Host is up to date.
[Modules] Checking for module updates at https://discordapp.com/api/modules/stable/versions.json
[Modules] No module updates available.
[Modules] Modules initializing
[Modules] Distribution: remote
[Modules] Host updates: enabled
[Modules] Module updates: enabled
[Modules] Module install path: /home/fleip/.config/discord/0.0.5/modules
[Modules] Module installed file path: /home/fleip/.config/discord/0.0.5/modules/installed.json
[Modules] Module download path: /home/fleip/.config/discord/0.0.5/modules/pending
[Modules] No updates to install
[Modules] Checking for host updates.
[Modules] Host is up to date.
[Modules] Checking for module updates at https://discordapp.com/api/modules/stable/versions.json
[Modules] No module updates available.
[Modules] Starting to install discord_vigilante...
[Modules] Fetching discord_vigilante@0 from https://discordapp.com/api/modules/stable/discord_vigilante/0
[Modules] Streaming discord_vigilante@0 [255 bytes] to /home/fleip/.config/discord/0.0.5/modules/pending/discord_vigilante-0.zip
[Modules] Finished module downloads. [success: 0] [failure: 1]
[Modules] Checking for host updates.
[Modules] Host is up to date.
[Modules] Checking for module updates at https://discordapp.com/api/modules/stable/versions.json
[Modules] No module updates available.
[Modules] Checking for host updates.
[Modules] Host is up to date.
[Modules] Checking for module updates at https://discordapp.com/api/modules/stable/versions.json
[Modules] No module updates available.
[Modules] Checking for host updates.
[Modules] Host is up to date.
[Modules] Checking for module updates at https://discordapp.com/api/modules/stable/versions.json
[Modules] No module updates available.
[Modules] Checking for host updates.
[Modules] Host is up to date.
[Modules] Checking for module updates at https://discordapp.com/api/modules/stable/versions.json
[Modules] No module updates available.
[Modules] Checking for host updates.
[Modules] Host is up to date.
[Modules] Checking for module updates at https://discordapp.com/api/modules/stable/versions.json
[Modules] No module updates available.
[Modules] Checking for host updates.
[Modules] Host is up to date.
[Modules] Checking for module updates at https://discordapp.com/api/modules/stable/versions.json
[Modules] No module updates available.
[Modules] Checking for host updates.
[Modules] Host is up to date.
[Modules] Checking for module updates at https://discordapp.com/api/modules/stable/versions.json
[Modules] No module updates available.
[Modules] Modules initializing
[Modules] Distribution: remote
[Modules] Host updates: enabled
[Modules] Module updates: enabled
[Modules] Module install path: /home/fleip/.config/discord/0.0.5/modules
[Modules] Module installed file path: /home/fleip/.config/discord/0.0.5/modules/installed.json
[Modules] Module download path: /home/fleip/.config/discord/0.0.5/modules/pending
[Modules] No updates to install
[Modules] Checking for host updates.
[Modules] Host is up to date.
[Modules] Checking for module updates at https://discordapp.com/api/modules/stable/versions.json
[Modules] No module updates available.
[Modules] Starting to install discord_vigilante...
[Modules] Fetching discord_vigilante@0 from https://discordapp.com/api/modules/stable/discord_vigilante/0
[Modules] Streaming discord_vigilante@0 [255 bytes] to /home/fleip/.config/discord/0.0.5/modules/pending/discord_vigilante-0.zip
[Modules] Finished module downloads. [success: 0] [failure: 1]
[Modules] Checking for host updates.
[Modules] Host is up to date.
[Modules] Checking for module updates at https://discordapp.com/api/modules/stable/versions.json
[Modules] No module updates available.
[Modules] Modules initializing
[Modules] Distribution: remote
[Modules] Host updates: enabled
[Modules] Module updates: enabled
[Modules] Module install path: /home/fleip/.config/discord/0.0.5/modules
[Modules] Module installed file path: /home/fleip/.config/discord/0.0.5/modules/installed.json
[Modules] Module download path: /home/fleip/.config/discord/0.0.5/modules/pending
[Modules] No updates to install
[Modules] Checking for host updates.
[Modules] Host is up to date.
[Modules] Checking for module updates at https://discordapp.com/api/modules/stable/versions.json
[Modules] No module updates available.
[Modules] Starting to install discord_vigilante...
[Modules] Fetching discord_vigilante@0 from https://discordapp.com/api/modules/stable/discord_vigilante/0
[Modules] Streaming discord_vigilante@0 [255 bytes] to /home/fleip/.config/discord/0.0.5/modules/pending/discord_vigilante-0.zip
[Modules] Finished module downloads. [success: 0] [failure: 1]
[Modules] Checking for host updates.
[Modules] Host is up to date.
[Modules] Checking for module updates at https://discordapp.com/api/modules/stable/versions.json
[Modules] No module updates available.
[Modules] Checking for host updates.
[Modules] Host is up to date.
[Modules] Checking for module updates at https://discordapp.com/api/modules/stable/versions.json
[Modules] No module updates available.
[Modules] Checking for host updates.
[Modules] Host is up to date.
[Modules] Checking for module updates at https://discordapp.com/api/modules/stable/versions.json
[Modules] No module updates available.
[Modules] Checking for host updates.
[Modules] Host is up to date.
[Modules] Checking for module updates at https://discordapp.com/api/modules/stable/versions.json
[Modules] No module updates available.
[Modules] Checking for host updates.
[Modules] Host is up to date.
[Modules] Checking for module updates at https://discordapp.com/api/modules/stable/versions.json
[Modules] No module updates available.
[Modules] Modules initializing
[Modules] Distribution: remote
[Modules] Host updates: enabled
[Modules] Module updates: enabled
[Modules] Module install path: /home/fleip/.config/discord/0.0.5/modules
[Modules] Module installed file path: /home/fleip/.config/discord/0.0.5/modules/installed.json
[Modules] Module download path: /home/fleip/.config/discord/0.0.5/modules/pending
[Modules] No updates to install
[Modules] Checking for host updates.
[Modules] Host is up to date.
[Modules] Checking for module updates at https://discordapp.com/api/modules/stable/versions.json
[Modules] No module updates available.
[Modules] Starting to install discord_vigilante...
[Modules] Fetching discord_vigilante@0 from https://discordapp.com/api/modules/stable/discord_vigilante/0
[Modules] Streaming discord_vigilante@0 [255 bytes] to /home/fleip/.config/discord/0.0.5/modules/pending/discord_vigilante-0.zip
[Modules] Finished module downloads. [success: 0] [failure: 1]
[Modules] Checking for host updates.
[Modules] Host is up to date.
[Modules] Checking for module updates at https://discordapp.com/api/modules/stable/versions.json
[Modules] No module updates available.
[Modules] Checking for host updates.
[Modules] Host is up to date.
[Modules] Checking for module updates at https://discordapp.com/api/modules/stable/versions.json
[Modules] No module updates available.
[Modules] Checking for host updates.
[Modules] Host is up to date.
[Modules] Checking for module updates at https://discordapp.com/api/modules/stable/versions.json
[Modules] No module updates available.
[Modules] Checking for host updates.
[Modules] Host is up to date.
[Modules] Checking for module updates at https://discordapp.com/api/modules/stable/versions.json
[Modules] No module updates available.
[Modules] Checking for host updates.
[Modules] Host is up to date.
[Modules] Checking for module updates at https://discordapp.com/api/modules/stable/versions.json
[Modules] No module updates available.
[Modules] Checking for host updates.
[Modules] Host is up to date.
[Modules] Checking for module updates at https://discordapp.com/api/modules/stable/versions.json
[Modules] No module updates available.
[Modules] Checking for host updates.
[Modules] Host is up to date.
[Modules] Checking for module updates at https://discordapp.com/api/modules/stable/versions.json
[Modules] No module updates available.
[Modules] Modules initializing
[Modules] Distribution: remote
[Modules] Host updates: enabled
[Modules] Module updates: enabled
[Modules] Module install path: /home/fleip/.config/discord/0.0.5/modules
[Modules] Module installed file path: /home/fleip/.config/discord/0.0.5/modules/installed.json
[Modules] Module download path: /home/fleip/.config/discord/0.0.5/modules/pending
[Modules] No updates to install
[Modules] Checking for host updates.
[Modules] Host is up to date.
[Modules] Checking for module updates at https://discordapp.com/api/modules/stable/versions.json
[Modules] No module updates available.
[Modules] Modules initializing
[Modules] Distribution: remote
[Modules] Host updates: enabled
[Modules] Module updates: enabled
[Modules] Module install path: /home/fleip/.config/discord/0.0.5/modules
[Modules] Module installed file path: /home/fleip/.config/discord/0.0.5/modules/installed.json
[Modules] Module download path: /home/fleip/.config/discord/0.0.5/modules/pending
[Modules] No updates to install
[Modules] Checking for host updates.
[Modules] Host is up to date.
[Modules] Checking for module updates at https://discordapp.com/api/modules/stable/versions.json
[Modules] No module updates available.
[Modules] Starting to install discord_vigilante...
[Modules] Fetching discord_vigilante@0 from https://discordapp.com/api/modules/stable/discord_vigilante/0
[Modules] Streaming discord_vigilante@0 [255 bytes] to /home/fleip/.config/discord/0.0.5/modules/pending/discord_vigilante-0.zip
[Modules] Finished module downloads. [success: 0] [failure: 1]
[Modules] Checking for host updates.
[Modules] Host is up to date.
[Modules] Checking for module updates at https://discordapp.com/api/modules/stable/versions.json
[Modules] No module updates available.
[Modules] Checking for host updates.
[Modules] Host is up to date.
[Modules] Checking for module updates at https://discordapp.com/api/modules/stable/versions.json
[Modules] No module updates available.
[Modules] Checking for host updates.
[Modules] Host is up to date.
[Modules] Checking for module updates at https://discordapp.com/api/modules/stable/versions.json
[Modules] No module updates available.
[Modules] Checking for host updates.
[Modules] Host is up to date.
[Modules] Checking for module updates at https://discordapp.com/api/modules/stable/versions.json
[Modules] No module updates available.
[Modules] Modules initializing
[Modules] Distribution: remote
[Modules] Host updates: enabled
[Modules] Module updates: enabled
[Modules] Module install path: /home/fleip/.config/discord/0.0.5/modules
[Modules] Module installed file path: /home/fleip/.config/discord/0.0.5/modules/installed.json
[Modules] Module download path: /home/fleip/.config/discord/0.0.5/modules/pending
[Modules] No updates to install
[Modules] Checking for host updates.
[Modules] Host is up to date.
[Modules] Checking for module updates at https://discordapp.com/api/modules/stable/versions.json
[Modules] No module updates available.
[Modules] Starting to install discord_vigilante...
[Modules] Fetching discord_vigilante@0 from https://discordapp.com/api/modules/stable/discord_vigilante/0
[Modules] Streaming discord_vigilante@0 [255 bytes] to /home/fleip/.config/discord/0.0.5/modules/pending/discord_vigilante-0.zip
[Modules] Finished module downloads. [success: 0] [failure: 1]
[Modules] Modules initializing
[Modules] Distribution: remote
[Modules] Host updates: enabled
[Modules] Module updates: enabled
[Modules] Module install path: /home/fleip/.config/discord/0.0.5/modules
[Modules] Module installed file path: /home/fleip/.config/discord/0.0.5/modules/installed.json
[Modules] Module download path: /home/fleip/.config/discord/0.0.5/modules/pending
[Modules] No updates to install
[Modules] Checking for host updates.
[Modules] Host is up to date.
[Modules] Checking for module updates at https://discordapp.com/api/modules/stable/versions.json
[Modules] No module updates available.
[Modules] Starting to install discord_vigilante...
[Modules] Fetching discord_vigilante@0 from https://discordapp.com/api/modules/stable/discord_vigilante/0
[Modules] Streaming discord_vigilante@0 [255 bytes] to /home/fleip/.config/discord/0.0.5/modules/pending/discord_vigilante-0.zip
[Modules] Finished module downloads. [success: 0] [failure: 1]
[Modules] Checking for host updates.
[Modules] Host is up to date.
[Modules] Checking for module updates at https://discordapp.com/api/modules/stable/versions.json
[Modules] No module updates available.
[Modules] Checking for host updates.
[Modules] Host is up to date.
[Modules] Checking for module updates at https://discordapp.com/api/modules/stable/versions.json
[Modules] No module updates available.
[Modules] Checking for host updates.
[Modules] Host is up to date.
[Modules] Checking for module updates at https://discordapp.com/api/modules/stable/versions.json
[Modules] No module updates available.
[Modules] Checking for host updates.
[Modules] Host is up to date.
[Modules] Checking for module updates at https://discordapp.com/api/modules/stable/versions.json
[Modules] No module updates available.
[Modules] Checking for host updates.
[Modules] Host is up to date.
[Modules] Checking for module updates at https://discordapp.com/api/modules/stable/versions.json
[Modules] No module updates available.
[Modules] Checking for host updates.
[Modules] Host is up to date.
[Modules] Checking for module updates at https://discordapp.com/api/modules/stable/versions.json
[Modules] No module updates available.
[Modules] Checking for host updates.
[Modules] Host is up to date.
[Modules] Checking for module updates at https://discordapp.com/api/modules/stable/versions.json
[Modules] No module updates available.
[Modules] Checking for host updates.
[Modules] Host is up to date.
[Modules] Checking for module updates at https://discordapp.com/api/modules/stable/versions.json
[Modules] No module updates available.
[Modules] Checking for host updates.
[Modules] Host is up to date.
[Modules] Checking for module updates at https://discordapp.com/api/modules/stable/versions.json
[Modules] No module updates available.
[Modules] Checking for host updates.
[Modules] Host is up to date.
[Modules] Checking for module updates at https://discordapp.com/api/modules/stable/versions.json
[Modules] No module updates available.
[Modules] Checking for host updates.
[Modules] Host is up to date.
[Modules] Checking for module updates at https://discordapp.com/api/modules/stable/versions.json
[Modules] No module updates available.
[Modules] Checking for host updates.
[Modules] Host is up to date.
[Modules] Checking for module updates at https://discordapp.com/api/modules/stable/versions.json
[Modules] No module updates available.
[Modules] Checking for host updates.
[Modules] Host is up to date.
[Modules] Checking for module updates at https://discordapp.com/api/modules/stable/versions.json
[Modules] No module updates available.
[Modules] Checking for host updates.
[Modules] Host is up to date.
[Modules] Checking for module updates at https://discordapp.com/api/modules/stable/versions.json
[Modules] No module updates available.
[Modules] Modules initializing
[Modules] Distribution: remote
[Modules] Host updates: enabled
[Modules] Module updates: enabled
[Modules] Module install path: /home/fleip/.config/discord/0.0.5/modules
[Modules] Module installed file path: /home/fleip/.config/discord/0.0.5/modules/installed.json
[Modules] Module download path: /home/fleip/.config/discord/0.0.5/modules/pending
[Modules] No updates to install
[Modules] Checking for host updates.
[Modules] Host is up to date.
[Modules] Checking for module updates at https://discordapp.com/api/modules/stable/versions.json
[Modules] No module updates available.
[Modules] Starting to install discord_vigilante...
[Modules] Fetching discord_vigilante@0 from https://discordapp.com/api/modules/stable/discord_vigilante/0
[Modules] Streaming discord_vigilante@0 [255 bytes] to /home/fleip/.config/discord/0.0.5/modules/pending/discord_vigilante-0.zip
[Modules] Finished module downloads. [success: 0] [failure: 1]
[Modules] Checking for host updates.
[Modules] Host is up to date.
[Modules] Checking for module updates at https://discordapp.com/api/modules/stable/versions.json
[Modules] No module updates available.
[Modules] Checking for host updates.
[Modules] Host is up to date.
[Modules] Checking for module updates at https://discordapp.com/api/modules/stable/versions.json
[Modules] No module updates available.
[Modules] Checking for host updates.
[Modules] Host is up to date.
[Modules] Checking for module updates at https://discordapp.com/api/modules/stable/versions.json
[Modules] No module updates available.
[Modules] Checking for host updates.
[Modules] Host is up to date.
[Modules] Checking for module updates at https://discordapp.com/api/modules/stable/versions.json
[Modules] No module updates available.
[Modules] Checking for host updates.
[Modules] Host is up to date.
[Modules] Checking for module updates at https://discordapp.com/api/modules/stable/versions.json
[Modules] No module updates available.
[Modules] Checking for host updates.
[Modules] Host is up to date.
[Modules] Checking for module updates at https://discordapp.com/api/modules/stable/versions.json
[Modules] No module updates available.
[Modules] Checking for host updates.
[Modules] Host is up to date.
[Modules] Checking for module updates at https://discordapp.com/api/modules/stable/versions.json
[Modules] No module updates available.
[Modules] Checking for host updates.
[Modules] Host is up to date.
[Modules] Checking for module updates at https://discordapp.com/api/modules/stable/versions.json
[Modules] No module updates available.
[Modules] Checking for host updates.
[Modules] Host is up to date.
[Modules] Checking for module updates at https://discordapp.com/api/modules/stable/versions.json
[Modules] No module updates available.
[Modules] Modules initializing
[Modules] Distribution: remote
[Modules] Host updates: enabled
[Modules] Module updates: enabled
[Modules] Module install path: /home/fleip/.config/discord/0.0.5/modules
[Modules] Module installed file path: /home/fleip/.config/discord/0.0.5/modules/installed.json
[Modules] Module download path: /home/fleip/.config/discord/0.0.5/modules/pending
[Modules] No updates to install
[Modules] Checking for host updates.
[Modules] Host is up to date.
[Modules] Checking for module updates at https://discordapp.com/api/modules/stable/versions.json
[Modules] No module updates available.
[Modules] Starting to install discord_vigilante...
[Modules] Fetching discord_vigilante@0 from https://discordapp.com/api/modules/stable/discord_vigilante/0
[Modules] Streaming discord_vigilante@0 [255 bytes] to /home/fleip/.config/discord/0.0.5/modules/pending/discord_vigilante-0.zip
[Modules] Finished module downloads. [success: 0] [failure: 1]
[Modules] Modules initializing
[Modules] Distribution: remote
[Modules] Host updates: enabled
[Modules] Module updates: enabled
[Modules] Module install path: /home/fleip/.config/discord/0.0.5/modules
[Modules] Module installed file path: /home/fleip/.config/discord/0.0.5/modules/installed.json
[Modules] Module download path: /home/fleip/.config/discord/0.0.5/modules/pending
[Modules] No updates to install
[Modules] Checking for host updates.
[Modules] Host is up to date.
[Modules] Checking for module updates at https://discordapp.com/api/modules/stable/versions.json
[Modules] No module updates available.
[Modules] Modules initializing
[Modules] Distribution: remote
[Modules] Host updates: enabled
[Modules] Module updates: enabled
[Modules] Module install path: /home/fleip/.config/discord/0.0.5/modules
[Modules] Module installed file path: /home/fleip/.config/discord/0.0.5/modules/installed.json
[Modules] Module download path: /home/fleip/.config/discord/0.0.5/modules/pending
[Modules] No updates to install
[Modules] Checking for host updates.
[Modules] Host is up to date.
[Modules] Checking for module updates at https://discordapp.com/api/modules/stable/versions.json
[Modules] No module updates available.
[Modules] Checking for host updates.
[Modules] Host is up to date.
[Modules] Checking for module updates at https://discordapp.com/api/modules/stable/versions.json
[Modules] No module updates available.
[Modules] Checking for host updates.
[Modules] Host is up to date.
[Modules] Checking for module updates at https://discordapp.com/api/modules/stable/versions.json
[Modules] No module updates available.
[Modules] Checking for host updates.
[Modules] Host is up to date.
[Modules] Checking for module updates at https://discordapp.com/api/modules/stable/versions.json
[Modules] No module updates available.
[Modules] Checking for host updates.
[Modules] Host is up to date.
[Modules] Checking for module updates at https://discordapp.com/api/modules/stable/versions.json
[Modules] No module updates available.
[Modules] Modules initializing
[Modules] Distribution: remote
[Modules] Host updates: enabled
[Modules] Module updates: enabled
[Modules] Module install path: /home/fleip/.config/discord/0.0.5/modules
[Modules] Module installed file path: /home/fleip/.config/discord/0.0.5/modules/installed.json
[Modules] Module download path: /home/fleip/.config/discord/0.0.5/modules/pending
[Modules] No updates to install
[Modules] Checking for host updates.
[Modules] Host is up to date.
[Modules] Checking for module updates at https://discordapp.com/api/modules/stable/versions.json
[Modules] No module updates available.
[Modules] Checking for host updates.
[Modules] Host is up to date.
[Modules] Checking for module updates at https://discordapp.com/api/modules/stable/versions.json
[Modules] No module updates available.
[Modules] Checking for host updates.
[Modules] Host is up to date.
[Modules] Checking for module updates at https://discordapp.com/api/modules/stable/versions.json
[Modules] No module updates available.
[Modules] Modules initializing
[Modules] Distribution: remote
[Modules] Host updates: enabled
[Modules] Module updates: enabled
[Modules] Module install path: /home/fleip/.config/discord/0.0.5/modules
[Modules] Module installed file path: /home/fleip/.config/discord/0.0.5/modules/installed.json
[Modules] Module download path: /home/fleip/.config/discord/0.0.5/modules/pending
[Modules] No updates to install
[Modules] Checking for host updates.
[Modules] Host is up to date.
[Modules] Checking for module updates at https://discordapp.com/api/modules/stable/versions.json
[Modules] No module updates available.
[Modules] Checking for host updates.
[Modules] Host is up to date.
[Modules] Checking for module updates at https://discordapp.com/api/modules/stable/versions.json
[Modules] No module updates available.
[Modules] Modules initializing
[Modules] Distribution: remote
[Modules] Host updates: enabled
[Modules] Module updates: enabled
[Modules] Module install path: /home/fleip/.config/discord/0.0.5/modules
[Modules] Module installed file path: /home/fleip/.config/discord/0.0.5/modules/installed.json
[Modules] Module download path: /home/fleip/.config/discord/0.0.5/modules/pending
[Modules] No updates to install
[Modules] Checking for host updates.
[Modules] Host is up to date.
[Modules] Checking for module updates at https://discordapp.com/api/modules/stable/versions.json
[Modules] No module updates available.
[Modules] Checking for host updates.
[Modules] Host is up to date.
[Modules] Checking for module updates at https://discordapp.com/api/modules/stable/versions.json
[Modules] No module updates available.
[Modules] Modules initializing
[Modules] Distribution: remote
[Modules] Host updates: enabled
[Modules] Module updates: enabled
[Modules] Module install path: /home/fleip/.config/discord/0.0.5/modules
[Modules] Module installed file path: /home/fleip/.config/discord/0.0.5/modules/installed.json
[Modules] Module download path: /home/fleip/.config/discord/0.0.5/modules/pending
[Modules] No updates to install
[Modules] Checking for host updates.
[Modules] Host is up to date.
[Modules] Checking for module updates at https://discordapp.com/api/modules/stable/versions.json
[Modules] No module updates available.
[Modules] Checking for host updates.
[Modules] Host is up to date.
[Modules] Checking for module updates at https://discordapp.com/api/modules/stable/versions.json
[Modules] No module updates available.
[Modules] Modules initializing
[Modules] Distribution: remote
[Modules] Host updates: enabled
[Modules] Module updates: enabled
[Modules] Module install path: /home/fleip/.config/discord/0.0.5/modules
[Modules] Module installed file path: /home/fleip/.config/discord/0.0.5/modules/installed.json
[Modules] Module download path: /home/fleip/.config/discord/0.0.5/modules/pending
[Modules] No updates to install
[Modules] Checking for host updates.
[Modules] Host is up to date.
[Modules] Checking for module updates at https://discordapp.com/api/modules/stable/versions.json
[Modules] Module update available: discord_voice@2 [installed: 1]
[Modules] Fetching discord_voice@2 from https://discordapp.com/api/modules/stable/discord_voice/2
[Modules] Streaming discord_voice@2 [7413524 bytes] to /home/fleip/.config/discord/0.0.5/modules/pending/discord_voice-2.zip
[Modules] Finished module downloads. [success: 1] [failure: 0]
[Modules] Relaunching to install module updates...
[Modules] Modules initializing
[Modules] Distribution: remote
[Modules] Host updates: enabled
[Modules] Module updates: enabled
[Modules] Module install path: /home/fleip/.config/discord/0.0.5/modules
[Modules] Module installed file path: /home/fleip/.config/discord/0.0.5/modules/installed.json
[Modules] Module download path: /home/fleip/.config/discord/0.0.5/modules/pending
[Modules] Installing updates...
[Modules] Installing discord_voice@2 from /home/fleip/.config/discord/0.0.5/modules/pending/discord_voice-2.zip
[Modules] Finished module installations. [success: 1] [failure: 0]
[Modules] Checking for host updates.
[Modules] Host is up to date.
[Modules] Checking for module updates at https://discordapp.com/api/modules/stable/versions.json
[Modules] No module updates available.
[Modules] Checking for host updates.
[Modules] Host is up to date.
[Modules] Checking for module updates at https://discordapp.com/api/modules/stable/versions.json
[Modules] No module updates available.
[Modules] Checking for host updates.
[Modules] Host is up to date.
[Modules] Checking for module updates at https://discordapp.com/api/modules/stable/versions.json
[Modules] No module updates available.
[Modules] Checking for host updates.
[Modules] Host is up to date.
[Modules] Checking for module updates at https://discordapp.com/api/modules/stable/versions.json
[Modules] No module updates available.
[Modules] Checking for host updates.
[Modules] Host is up to date.
[Modules] Checking for module updates at https://discordapp.com/api/modules/stable/versions.json
[Modules] Module update available: discord_utils@2 [installed: 1]
[Modules] Module update available: discord_voice@3 [installed: 2]
[Modules] Fetching discord_utils@2 from https://discordapp.com/api/modules/stable/discord_utils/2
[Modules] Streaming discord_utils@2 [1050458 bytes] to /home/fleip/.config/discord/0.0.5/modules/pending/discord_utils-2.zip
[Modules] Fetching discord_voice@3 from https://discordapp.com/api/modules/stable/discord_voice/3
[Modules] Streaming discord_voice@3 [7414319 bytes] to /home/fleip/.config/discord/0.0.5/modules/pending/discord_voice-3.zip
[Modules] Finished module downloads. [success: 2] [failure: 0]
[Modules] Modules initializing
[Modules] Distribution: remote
[Modules] Host updates: enabled
[Modules] Module updates: enabled
[Modules] Module install path: /home/fleip/.config/discord/0.0.5/modules
[Modules] Module installed file path: /home/fleip/.config/discord/0.0.5/modules/installed.json
[Modules] Module download path: /home/fleip/.config/discord/0.0.5/modules/pending
[Modules] Installing updates...
[Modules] Installing discord_utils@2 from /home/fleip/.config/discord/0.0.5/modules/pending/discord_utils-2.zip
[Modules] Installing discord_voice@3 from /home/fleip/.config/discord/0.0.5/modules/pending/discord_voice-3.zip
[Modules] Finished module installations. [success: 2] [failure: 0]
[Modules] Checking for host updates.
[Modules] Host is up to date.
[Modules] Checking for module updates at https://discordapp.com/api/modules/stable/versions.json
[Modules] Module update available: discord_voice@4 [installed: 3]
[Modules] Fetching discord_voice@4 from https://discordapp.com/api/modules/stable/discord_voice/4
[Modules] Streaming discord_voice@4 [7418256 bytes] to /home/fleip/.config/discord/0.0.5/modules/pending/discord_voice-4.zip
[Modules] Finished module downloads. [success: 1] [failure: 0]
[Modules] Relaunching to install module updates...
[Modules] Modules initializing
[Modules] Distribution: remote
[Modules] Host updates: enabled
[Modules] Module updates: enabled
[Modules] Module install path: /home/fleip/.config/discord/0.0.5/modules
[Modules] Module installed file path: /home/fleip/.config/discord/0.0.5/modules/installed.json
[Modules] Module download path: /home/fleip/.config/discord/0.0.5/modules/pending
[Modules] Installing updates...
[Modules] Installing discord_voice@4 from /home/fleip/.config/discord/0.0.5/modules/pending/discord_voice-4.zip
[Modules] Finished module installations. [success: 1] [failure: 0]
[Modules] Checking for host updates.
[Modules] Host is up to date.
[Modules] Checking for module updates at https://discordapp.com/api/modules/stable/versions.json
[Modules] No module updates available.
[Modules] Checking for host updates.
[Modules] Host is up to date.
[Modules] Checking for module updates at https://discordapp.com/api/modules/stable/versions.json
[Modules] No module updates available.
[Modules] Checking for host updates.
[Modules] Host is up to date.
[Modules] Checking for module updates at https://discordapp.com/api/modules/stable/versions.json
[Modules] No module updates available.
[Modules] Checking for host updates.
[Modules] Host is up to date.
[Modules] Checking for module updates at https://discordapp.com/api/modules/stable/versions.json
[Modules] No module updates available.
[Modules] Modules initializing
[Modules] Distribution: remote
[Modules] Host updates: enabled
[Modules] Module updates: enabled
[Modules] Module install path: /home/fleip/.config/discord/0.0.5/modules
[Modules] Module installed file path: /home/fleip/.config/discord/0.0.5/modules/installed.json
[Modules] Module download path: /home/fleip/.config/discord/0.0.5/modules/pending
[Modules] No updates to install
[Modules] Checking for host updates.
[Modules] Host is up to date.
[Modules] Checking for module updates at https://discordapp.com/api/modules/stable/versions.json
[Modules] No module updates available.
[Modules] Modules initializing
[Modules] Distribution: remote
[Modules] Host updates: enabled
[Modules] Module updates: enabled
[Modules] Module install path: /home/fleip/.config/discord/0.0.5/modules
[Modules] Module installed file path: /home/fleip/.config/discord/0.0.5/modules/installed.json
[Modules] Module download path: /home/fleip/.config/discord/0.0.5/modules/pending
[Modules] No updates to install
[Modules] Checking for host updates.
[Modules] Host is up to date.
[Modules] Checking for module updates at https://discordapp.com/api/modules/stable/versions.json
[Modules] No module updates available.
[Modules] Checking for host updates.
[Modules] Host is up to date.
[Modules] Checking for module updates at https://discordapp.com/api/modules/stable/versions.json
[Modules] No module updates available.
