[07/23/18, 08:33:37:026] info: ╔═════════════════════════════════════════════════════════════════════════════╗
[07/23/18, 08:33:37:027] info: ║      Slack 3.2.1, linux 4.17.6-1-ARCH on x64 at 07/23/18, 08:33:37:024      ║
[07/23/18, 08:33:37:027] info: ╚═════════════════════════════════════════════════════════════════════════════╝
[07/23/18, 08:33:37:155] info: Initializing local storage instance at path: /home/fleip/.config/Slack/local-settings.json
[07/23/18, 08:33:37:265] info: NetworkStatus: Waiting for network online…
[07/23/18, 08:33:37:467] info: Don't start background client because T1G453ZUP is selected team
[07/23/18, 08:33:37:489] info: Store: BACKGROUND_CLIENTS_INITIALIZED
[07/23/18, 08:33:37:491] info: Store: BACKGROUND_CLIENTS_INITIALIZED true
[07/23/18, 08:33:37:646] info: NetworkStatus: Response from api.test
{
  "status": "online"
}
[07/23/18, 08:33:38:050] info: Store: SET_NETWORK_STATUS online
[07/23/18, 08:33:41:478] info: Store: UPSERT_WEB_CONTENTS
{
  "id": 3,
  "state": "loaded",
  "teamId": "T1G453ZUP"
}
[07/23/18, 08:33:41:481] info: Store: MAIN_WINDOW_SHOWN
[07/23/18, 08:33:41:732] info: Store: UPDATE_SESSION_STATUS
{
  "hasValidSession": true,
  "teamId": "T1G453ZUP"
}
[07/23/18, 08:33:42:015] info: Store: SELECT_CHANNEL GBH29TDHR
[07/23/18, 08:33:42:202] info: Store: UPDATE_TEAM_LOCALE
{
  "locale": "en-US",
  "teamId": "T1G453ZUP"
}
[07/23/18, 08:33:42:203] info: Store: UPDATE_SETTINGS
{
  "locale": "en-US"
}
[07/23/18, 08:33:42:207] info: Store: UPDATE_TEAM_THEME
{
  "teamId": "T1G453ZUP",
  "theme": {
    "active_item": "#4C9689",
    "active_item_text": "#FFFFFF",
    "active_presence": "#38978D",
    "badge": "#EB4D5C",
    "column_bg": "#4D394B",
    "hover_item": "#3E313C",
    "menu_bg": "#3E313C",
    "text_color": "#FFFFFF"
  }
}
[07/23/18, 08:33:42:489] info: Store: SAVE_WINDOW_SETTINGS
{
  "isMaximized": false,
  "position": [
    2,
    2
  ],
  "size": [
    1916,
    1057
  ]
}
[07/23/18, 08:33:42:513] info: Store: UPDATE_TEAM_ICONS
{
  "icons": {
    "image_102": "https://slack-files2.s3-us-west-2.amazonaws.com/avatars/2016-06-13/50511731271_3b4427cc943421df5a5e_102.png",
    "image_132": "https://slack-files2.s3-us-west-2.amazonaws.com/avatars/2016-06-13/50511731271_3b4427cc943421df5a5e_132.png",
    "image_230": "https://slack-files2.s3-us-west-2.amazonaws.com/avatars/2016-06-13/50511731271_3b4427cc943421df5a5e_230.png",
    "image_34": "https://slack-files2.s3-us-west-2.amazonaws.com/avatars/2016-06-13/50511731271_3b4427cc943421df5a5e_34.png",
    "image_44": "https://slack-files2.s3-us-west-2.amazonaws.com/avatars/2016-06-13/50511731271_3b4427cc943421df5a5e_44.png",
    "image_68": "https://slack-files2.s3-us-west-2.amazonaws.com/avatars/2016-06-13/50511731271_3b4427cc943421df5a5e_68.png",
    "image_88": "https://slack-files2.s3-us-west-2.amazonaws.com/avatars/2016-06-13/50511731271_3b4427cc943421df5a5e_88.png",
    "image_original": "https://slack-files2.s3-us-west-2.amazonaws.com/avatars/2016-06-13/50511731271_3b4427cc943421df5a5e_original.png"
  },
  "teamId": "T1G453ZUP"
}
[07/23/18, 08:33:42:578] info: Store: UPDATE_TEAM_LOCALE
{
  "locale": "en-US",
  "teamId": "T1G453ZUP"
}
[07/23/18, 08:33:42:582] info: Store: UPSERT_WEB_CONTENTS
{
  "id": 3,
  "state": "webapp-loaded",
  "teamId": "T1G453ZUP"
}
[07/23/18, 08:33:42:722] info: Store: STORE_ENTERPRISE_ID_PAIR
{
  "enterpriseId": null,
  "teamId": "T1G453ZUP"
}
[07/23/18, 08:33:42:722] info: Store: STORE_API_TOKEN
{
  "teamId": "T1G453ZUP",
  "token": "xoxs-⋯"
}
[07/23/18, 08:33:47:577] info: Store: SELECT_CHANNEL C1G4577UM
[07/23/18, 08:33:51:022] info: Store: SELECT_CHANNEL DBN5JGNF7
[07/23/18, 08:34:14:063] info: Store: SELECT_CHANNEL DB8HPAZ17
[07/23/18, 08:34:19:359] info: Store: SELECT_CHANNEL DBE6TST09
[07/23/18, 08:36:06:936] info: Store: SAVE_WINDOW_SETTINGS
{
  "isMaximized": false,
  "position": [
    -3838,
    2
  ],
  "size": [
    1916,
    1057
  ]
}
[07/23/18, 08:36:12:074] info: Store: NEW_NOTIFICATION
{
  "avatarImage": "https://ca.slack-edge.com/T1G453ZUP-UB8V3ED1P-gce50a8f7fc0-512",
  "channel": "DBN5JGNF7",
  "content": "[REDACTED]",
  "id": "3BMcmhDGYnpPG3",
  "launchUri": "slack://channel?id=DBN5JGNF7&message=1532327859.000196&team=T1G453ZUP",
  "msg": "1532327859.000196",
  "silent": true,
  "subtitle": "",
  "teamId": "T1G453ZUP",
  "title": "[REDACTED]"
}
[07/23/18, 08:36:43:239] info: Store: SAVE_WINDOW_SETTINGS
{
  "isMaximized": false,
  "position": [
    2,
    2
  ],
  "size": [
    1916,
    1057
  ]
}
[07/23/18, 08:36:44:708] info: Store: SELECT_CHANNEL DBN5JGNF7
[07/23/18, 08:36:49:861] info: Store: NEW_NOTIFICATION
{
  "avatarImage": "https://ca.slack-edge.com/T1G453ZUP-UBAE7EUBY-7f47e8983fd9-512",
  "channel": "DBE6TST09",
  "content": "[REDACTED]",
  "id": "5JOsMi2rNk9XwW",
  "launchUri": "slack://channel?id=DBE6TST09&message=1532327897.000177&team=T1G453ZUP",
  "msg": "1532327897.000177",
  "silent": true,
  "subtitle": "",
  "teamId": "T1G453ZUP",
  "title": "[REDACTED]"
}
[07/23/18, 08:36:55:349] info: Store: NEW_NOTIFICATION
{
  "avatarImage": "https://ca.slack-edge.com/T1G453ZUP-UBAE7EUBY-7f47e8983fd9-512",
  "channel": "DBE6TST09",
  "content": "[REDACTED]",
  "id": "KKwS8sADoYQzoN",
  "launchUri": "slack://channel?id=DBE6TST09&message=1532327903.000055&team=T1G453ZUP",
  "msg": "1532327903.000055",
  "silent": true,
  "subtitle": "",
  "teamId": "T1G453ZUP",
  "title": "[REDACTED]"
}
[07/23/18, 08:36:57:709] info: Store: NEW_NOTIFICATION
{
  "avatarImage": "https://ca.slack-edge.com/T1G453ZUP-UBAE7EUBY-7f47e8983fd9-512",
  "channel": "DBE6TST09",
  "content": "[REDACTED]",
  "id": "4ENH7tWnj6XkQR",
  "launchUri": "slack://channel?id=DBE6TST09&message=1532327905.000115&team=T1G453ZUP",
  "msg": "1532327905.000115",
  "silent": true,
  "subtitle": "",
  "teamId": "T1G453ZUP",
  "title": "[REDACTED]"
}
[07/23/18, 08:37:08:981] info: Store: SELECT_CHANNEL DBE6TST09
[07/23/18, 08:38:06:628] info: Store: NEW_NOTIFICATION
{
  "avatarImage": "https://ca.slack-edge.com/T1G453ZUP-UB8V3ED1P-gce50a8f7fc0-512",
  "channel": "DBN5JGNF7",
  "content": "[REDACTED]",
  "id": "mlrFWu9jNmwJpM",
  "launchUri": "slack://channel?id=DBN5JGNF7&message=1532327974.000123&team=T1G453ZUP",
  "msg": "1532327974.000123",
  "silent": true,
  "subtitle": "",
  "teamId": "T1G453ZUP",
  "title": "[REDACTED]"
}
[07/23/18, 08:38:10:682] info: Store: SELECT_CHANNEL DBN5JGNF7
[07/23/18, 08:38:33:481] info: Store: SAVE_WINDOW_SETTINGS
{
  "isMaximized": false,
  "position": [
    2,
    2
  ],
  "size": [
    1916,
    1057
  ]
}
[07/23/18, 08:39:42:049] info: Store: NEW_NOTIFICATION
{
  "avatarImage": "https://ca.slack-edge.com/T1G453ZUP-UB8V3ED1P-gce50a8f7fc0-512",
  "channel": "DBN5JGNF7",
  "content": "[REDACTED]",
  "id": "xOJsRCwK2l0OxE",
  "launchUri": "slack://channel?id=DBN5JGNF7&message=1532328069.000223&team=T1G453ZUP",
  "msg": "1532328069.000223",
  "silent": true,
  "subtitle": "",
  "teamId": "T1G453ZUP",
  "title": "[REDACTED]"
}
[07/23/18, 08:39:56:347] info: Store: SELECT_CHANNEL DBE6TST09
[07/23/18, 08:40:08:501] info: Store: SELECT_CHANNEL DBN5JGNF7
[07/23/18, 08:40:21:035] info: Store: SELECT_CHANNEL DBE6TST09
[07/23/18, 08:41:34:062] info: Store: SELECT_CHANNEL DBN5JGNF7
[07/23/18, 08:41:35:807] info: Store: SELECT_CHANNEL DBE6TST09
[07/23/18, 08:41:39:687] info: Store: SELECT_CHANNEL DBN5JGNF7
[07/23/18, 08:41:41:820] info: Store: SELECT_CHANNEL DBE6TST09
[07/23/18, 08:43:19:973] info: Store: SAVE_WINDOW_SETTINGS
{
  "isMaximized": false,
  "position": [
    2,
    2
  ],
  "size": [
    1916,
    1057
  ]
}
[07/23/18, 08:45:02:778] info: Store: NEW_NOTIFICATION
{
  "avatarImage": "https://ca.slack-edge.com/T1G453ZUP-UBAE7EUBY-7f47e8983fd9-512",
  "channel": "DBE6TST09",
  "content": "[REDACTED]",
  "id": "5JOsxF2rNk3kE9",
  "launchUri": "slack://channel?id=DBE6TST09&message=1532328390.000149&team=T1G453ZUP",
  "msg": "1532328390.000149",
  "silent": true,
  "subtitle": "",
  "teamId": "T1G453ZUP",
  "title": "[REDACTED]"
}
[07/23/18, 08:45:25:800] info: Store: SELECT_CHANNEL DBN5JGNF7
[07/23/18, 08:45:27:329] info: Store: SELECT_CHANNEL DBE6TST09
[07/23/18, 08:45:31:888] info: Store: NEW_NOTIFICATION
{
  "avatarImage": "https://ca.slack-edge.com/T1G453ZUP-UB8V3ED1P-gce50a8f7fc0-512",
  "channel": "DBN5JGNF7",
  "content": "[REDACTED]",
  "id": "4ENH6HWnj6qp7m",
  "launchUri": "slack://channel?id=DBN5JGNF7&message=1532328419.000186&team=T1G453ZUP",
  "msg": "1532328419.000186",
  "silent": true,
  "subtitle": "",
  "teamId": "T1G453ZUP",
  "title": "[REDACTED]"
}
[07/23/18, 08:45:34:630] info: Store: SELECT_CHANNEL DBN5JGNF7
[07/23/18, 08:45:56:535] info: Store: SELECT_CHANNEL DBE6TST09
[07/23/18, 08:46:08:590] info: Store: SELECT_CHANNEL DBN5JGNF7
[07/23/18, 08:47:31:828] info: Store: SAVE_WINDOW_SETTINGS
{
  "isMaximized": false,
  "position": [
    2,
    2
  ],
  "size": [
    1916,
    1057
  ]
}
[07/23/18, 08:47:32:986] info: Store: SELECT_CHANNEL DBE6TST09
[07/23/18, 08:47:39:353] info: Store: NEW_NOTIFICATION
{
  "avatarImage": "https://ca.slack-edge.com/T1G453ZUP-UB8V3ED1P-gce50a8f7fc0-512",
  "channel": "DBN5JGNF7",
  "content": "[REDACTED]",
  "id": "mlrFkI9jNm0kj8",
  "launchUri": "slack://channel?id=DBN5JGNF7&message=1532328547.000064&team=T1G453ZUP",
  "msg": "1532328547.000064",
  "silent": true,
  "subtitle": "",
  "teamId": "T1G453ZUP",
  "title": "[REDACTED]"
}
[07/23/18, 08:47:41:229] info: Store: SELECT_CHANNEL DBN5JGNF7
[07/23/18, 08:48:26:313] info: Store: NEW_NOTIFICATION
{
  "avatarImage": "https://ca.slack-edge.com/T1G453ZUP-UB8V3ED1P-gce50a8f7fc0-512",
  "channel": "DBN5JGNF7",
  "content": "[REDACTED]",
  "id": "g1liKS3gZX4r22",
  "launchUri": "slack://channel?id=DBN5JGNF7&message=1532328594.000060&team=T1G453ZUP",
  "msg": "1532328594.000060",
  "silent": true,
  "subtitle": "",
  "teamId": "T1G453ZUP",
  "title": "[REDACTED]"
}
[07/23/18, 08:48:51:983] info: Store: SELECT_CHANNEL DBE6TST09
[07/23/18, 08:49:26:623] info: Store: SELECT_CHANNEL DBN5JGNF7
[07/23/18, 08:49:28:399] info: Store: SELECT_CHANNEL DBE6TST09
[07/23/18, 08:50:08:438] info: Store: NEW_NOTIFICATION
{
  "avatarImage": "https://ca.slack-edge.com/T1G453ZUP-UBAE7EUBY-7f47e8983fd9-512",
  "channel": "DBE6TST09",
  "content": "[REDACTED]",
  "id": "NQzHoTRMz5XVKR",
  "launchUri": "slack://channel?id=DBE6TST09&message=1532328696.000074&team=T1G453ZUP",
  "msg": "1532328696.000074",
  "silent": true,
  "subtitle": "",
  "teamId": "T1G453ZUP",
  "title": "[REDACTED]"
}
[07/23/18, 08:50:25:546] info: Store: NEW_NOTIFICATION
{
  "avatarImage": "https://ca.slack-edge.com/T1G453ZUP-UB8V3ED1P-gce50a8f7fc0-512",
  "channel": "DBN5JGNF7",
  "content": "[REDACTED]",
  "id": "8PRFxUMQzkY6GJ",
  "launchUri": "slack://channel?id=DBN5JGNF7&message=1532328713.000105&team=T1G453ZUP",
  "msg": "1532328713.000105",
  "silent": true,
  "subtitle": "",
  "teamId": "T1G453ZUP",
  "title": "[REDACTED]"
}
[07/23/18, 08:50:48:510] info: Store: SELECT_CHANNEL DBN5JGNF7
[07/23/18, 08:50:50:991] info: Store: START_DOWNLOAD
{
  "id": "FBT055ZC3",
  "teamId": "T1G453ZUP",
  "url": "[REDACTED]"
}
[07/23/18, 08:50:50:993] info: Store: UPDATE_DOWNLOAD
{
  "downloadState": "started",
  "id": "FBT055ZC3",
  "teamId": "T1G453ZUP"
}
[07/23/18, 08:50:51:461] info: Store: UPDATE_DOWNLOAD
{
  "downloadPath": "[REDACTED]",
  "downloadState": "progressing",
  "id": "FBT055ZC3",
  "requestState": null,
  "teamId": "T1G453ZUP"
}
[07/23/18, 08:50:51:462] info: Store: UPDATE_DOWNLOAD
{
  "id": "FBT055ZC3",
  "isPaused": false,
  "progress": 0,
  "teamId": "T1G453ZUP"
}
[07/23/18, 08:50:51:470] info: Store: UPDATE_DOWNLOAD
{
  "id": "FBT055ZC3",
  "isPaused": false,
  "progress": 0,
  "teamId": "T1G453ZUP"
}
[07/23/18, 08:50:51:471] info: Store: UPDATE_DOWNLOAD
{
  "id": "FBT055ZC3",
  "isPaused": false,
  "progress": 1,
  "teamId": "T1G453ZUP"
}
[07/23/18, 08:50:51:471] info: Store: UPDATE_DOWNLOAD
{
  "id": "FBT055ZC3",
  "isPaused": false,
  "progress": 1,
  "teamId": "T1G453ZUP"
}
[07/23/18, 08:50:51:475] info: Store: UPDATE_DOWNLOAD
{
  "id": "FBT055ZC3",
  "isPaused": false,
  "progress": 1,
  "teamId": "T1G453ZUP"
}
[07/23/18, 08:50:51:480] info: Store: UPDATE_DOWNLOAD
{
  "downloadState": "completed",
  "endTime": 1532335851479,
  "id": "FBT055ZC3",
  "requestState": null,
  "teamId": "T1G453ZUP"
}
[07/23/18, 08:50:51:503] info: Store: DOWNLOAD_NOTIFICATION
{
  "avatarImage": "",
  "body": "",
  "channel": "",
  "content": "[REDACTED]",
  "id": "T1G453ZUPFBT055ZC3",
  "initials": "",
  "msg": "[REDACTED]",
  "silent": false,
  "sound": "confirm_delivery.mp3",
  "ssbFilename": "confirm_delivery.mp3",
  "subtitle": "",
  "teamId": "T1G453ZUP",
  "title": "Download complete",
  "type": 1
}
[07/23/18, 08:51:01:958] info: Store: NEW_NOTIFICATION
{
  "avatarImage": "https://ca.slack-edge.com/T1G453ZUP-UBAE7EUBY-7f47e8983fd9-512",
  "channel": "DBE6TST09",
  "content": "[REDACTED]",
  "id": "8PRF8cMQzkY7YX",
  "launchUri": "slack://channel?id=DBE6TST09&message=1532328749.000234&team=T1G453ZUP",
  "msg": "1532328749.000234",
  "silent": true,
  "subtitle": "",
  "teamId": "T1G453ZUP",
  "title": "[REDACTED]"
}
[07/23/18, 08:51:08:956] info: Store: START_DOWNLOAD
{
  "id": "FBT055ZC3",
  "teamId": "T1G453ZUP",
  "url": "[REDACTED]"
}
[07/23/18, 08:51:08:957] info: Store: UPDATE_DOWNLOAD
{
  "highlight": true,
  "id": "FBT055ZC3",
  "teamId": "T1G453ZUP"
}
[07/23/18, 08:51:08:958] info: Store: UPDATE_DOWNLOAD
{
  "highlight": true,
  "id": "FBT055ZC3",
  "teamId": "T1G453ZUP"
}
[07/23/18, 08:51:08:958] info: Store: UPDATE_DOWNLOAD
{
  "downloadState": "completed",
  "endTime": 1532335868958,
  "id": "FBT055ZC3",
  "requestState": null,
  "teamId": "T1G453ZUP"
}
[07/23/18, 08:51:08:959] info: Store: UPDATE_DOWNLOAD
{
  "downloadState": "completed",
  "endTime": 1532335868958,
  "id": "FBT055ZC3",
  "requestState": null,
  "teamId": "T1G453ZUP"
}
[07/23/18, 08:51:09:781] info: Store: START_DOWNLOAD
{
  "id": "FBT055ZC3",
  "teamId": "T1G453ZUP",
  "url": "[REDACTED]"
}
[07/23/18, 08:51:09:782] info: Store: UPDATE_DOWNLOAD
{
  "highlight": true,
  "id": "FBT055ZC3",
  "teamId": "T1G453ZUP"
}
[07/23/18, 08:51:09:783] info: Store: UPDATE_DOWNLOAD
{
  "downloadState": "completed",
  "endTime": 1532335869783,
  "id": "FBT055ZC3",
  "requestState": null,
  "teamId": "T1G453ZUP"
}
[07/23/18, 08:51:09:961] info: Store: UPDATE_DOWNLOAD
{
  "highlight": false,
  "id": "FBT055ZC3",
  "teamId": "T1G453ZUP"
}
[07/23/18, 08:51:09:963] info: Store: UPDATE_DOWNLOAD
{
  "highlight": false,
  "id": "FBT055ZC3",
  "teamId": "T1G453ZUP"
}
[07/23/18, 08:51:10:785] info: Store: UPDATE_DOWNLOAD
{
  "highlight": false,
  "id": "FBT055ZC3",
  "teamId": "T1G453ZUP"
}
[07/23/18, 08:51:12:023] info: Store: SELECT_CHANNEL DBE6TST09
[07/23/18, 08:51:21:450] info: Store: SAVE_WINDOW_SETTINGS
{
  "isMaximized": false,
  "position": [
    960,
    530
  ],
  "size": [
    956,
    527
  ]
}
[07/23/18, 08:51:23:131] info: Store: SAVE_WINDOW_SETTINGS
{
  "isMaximized": false,
  "position": [
    960,
    0
  ],
  "size": [
    956,
    1057
  ]
}
[07/23/18, 08:51:28:554] info: Store: NEW_NOTIFICATION
{
  "avatarImage": "https://ca.slack-edge.com/T1G453ZUP-UBAE7EUBY-7f47e8983fd9-512",
  "channel": "DBE6TST09",
  "content": "[REDACTED]",
  "id": "zVLFPfK9BDywMq",
  "launchUri": "slack://channel?id=DBE6TST09&message=1532328776.000124&team=T1G453ZUP",
  "msg": "1532328776.000124",
  "silent": true,
  "subtitle": "",
  "teamId": "T1G453ZUP",
  "title": "[REDACTED]"
}
[07/23/18, 08:51:32:280] info: Store: SELECT_CHANNEL DBN5JGNF7
[07/23/18, 08:51:34:638] info: Store: SELECT_CHANNEL DBE6TST09
[07/23/18, 08:52:34:231] info: Store: NEW_NOTIFICATION
{
  "avatarImage": "https://ca.slack-edge.com/T1G453ZUP-UB8V3ED1P-gce50a8f7fc0-512",
  "channel": "DBN5JGNF7",
  "content": "[REDACTED]",
  "id": "opwIxh6xWg9LOg",
  "launchUri": "slack://channel?id=DBN5JGNF7&message=1532328842.000040&team=T1G453ZUP",
  "msg": "1532328842.000040",
  "silent": true,
  "subtitle": "",
  "teamId": "T1G453ZUP",
  "title": "[REDACTED]"
}
[07/23/18, 08:52:35:814] info: Store: SELECT_CHANNEL DBN5JGNF7
[07/23/18, 08:52:47:696] info: Store: SELECT_CHANNEL DBE6TST09
[07/23/18, 08:53:08:022] info: Store: NEW_NOTIFICATION
{
  "avatarImage": "https://ca.slack-edge.com/T1G453ZUP-UB8V3ED1P-gce50a8f7fc0-512",
  "channel": "DBN5JGNF7",
  "content": "[REDACTED]",
  "id": "3BMc0iDGYnWzXX",
  "launchUri": "slack://channel?id=DBN5JGNF7&message=1532328875.000226&team=T1G453ZUP",
  "msg": "1532328875.000226",
  "silent": true,
  "subtitle": "",
  "teamId": "T1G453ZUP",
  "title": "[REDACTED]"
}
[07/23/18, 08:53:25:264] info: Store: NEW_NOTIFICATION
{
  "avatarImage": "https://ca.slack-edge.com/T1G453ZUP-UB8V3ED1P-gce50a8f7fc0-512",
  "channel": "DBN5JGNF7",
  "content": "[REDACTED]",
  "id": "7NQcpsNg0M33l5",
  "launchUri": "slack://channel?id=DBN5JGNF7&message=1532328893.000038&team=T1G453ZUP",
  "msg": "1532328893.000038",
  "silent": true,
  "subtitle": "",
  "teamId": "T1G453ZUP",
  "title": "[REDACTED]"
}
[07/23/18, 08:53:25:619] info: Store: SELECT_CHANNEL DBN5JGNF7
[07/23/18, 08:53:45:289] info: Store: SELECT_CHANNEL DBE6TST09
[07/23/18, 08:54:04:919] info: Store: SELECT_CHANNEL DBN5JGNF7
[07/23/18, 08:54:09:024] info: Store: NEW_NOTIFICATION
{
  "avatarImage": "https://ca.slack-edge.com/T1G453ZUP-UBAE7EUBY-7f47e8983fd9-512",
  "channel": "DBE6TST09",
  "content": "[REDACTED]",
  "id": "0vJT8tWEL7lw2Z",
  "launchUri": "slack://channel?id=DBE6TST09&message=1532328936.000252&team=T1G453ZUP",
  "msg": "1532328936.000252",
  "silent": true,
  "subtitle": "",
  "teamId": "T1G453ZUP",
  "title": "[REDACTED]"
}
[07/23/18, 08:54:20:489] info: Store: SELECT_CHANNEL DBPKL8SLW
[07/23/18, 08:54:20:824] info: Store: SELECT_CHANNEL DBE6TST09
[07/23/18, 08:56:16:029] info: Store: SELECT_CHANNEL DBN5JGNF7
[07/23/18, 08:56:17:873] info: Store: SELECT_CHANNEL DBE6TST09
[07/23/18, 08:56:45:570] info: Store: FOREGROUND_APP
[07/23/18, 08:56:46:577] info: Store: SAVE_WINDOW_SETTINGS
{
  "isMaximized": false,
  "position": [
    0,
    0
  ],
  "size": [
    956,
    1057
  ]
}
[07/23/18, 08:57:22:673] info: Store: NEW_NOTIFICATION
{
  "avatarImage": "https://ca.slack-edge.com/T1G453ZUP-UB8V3ED1P-gce50a8f7fc0-512",
  "channel": "DBN5JGNF7",
  "content": "[REDACTED]",
  "id": "mlrFZu9jNmrE9A",
  "launchUri": "slack://channel?id=DBN5JGNF7&message=1532329130.000151&team=T1G453ZUP",
  "msg": "1532329130.000151",
  "silent": true,
  "subtitle": "",
  "teamId": "T1G453ZUP",
  "title": "[REDACTED]"
}
[07/23/18, 08:57:46:448] info: Store: SELECT_CHANNEL DBN5JGNF7
[07/23/18, 08:58:00:191] info: Store: SELECT_CHANNEL DBE6TST09
[07/23/18, 08:58:34:310] info: Store: NEW_NOTIFICATION
{
  "avatarImage": "https://ca.slack-edge.com/T1G453ZUP-UB8V3ED1P-gce50a8f7fc0-512",
  "channel": "DBN5JGNF7",
  "content": "[REDACTED]",
  "id": "VgLsDCJwWZZkQE",
  "launchUri": "slack://channel?id=DBN5JGNF7&message=1532329202.000105&team=T1G453ZUP",
  "msg": "1532329202.000105",
  "silent": true,
  "subtitle": "",
  "teamId": "T1G453ZUP",
  "title": "[REDACTED]"
}
[07/23/18, 08:58:36:452] info: Store: SELECT_CHANNEL DBN5JGNF7
[07/23/18, 08:58:37:809] info: Store: NEW_NOTIFICATION
{
  "avatarImage": "https://ca.slack-edge.com/T1G453ZUP-UBAE7EUBY-7f47e8983fd9-512",
  "channel": "DBE6TST09",
  "content": "[REDACTED]",
  "id": "ErnuYFPvBAABOW",
  "launchUri": "slack://channel?id=DBE6TST09&message=1532329205.000299&team=T1G453ZUP",
  "msg": "1532329205.000299",
  "silent": true,
  "subtitle": "",
  "teamId": "T1G453ZUP",
  "title": "[REDACTED]"
}
[07/23/18, 08:58:58:731] info: Store: NEW_NOTIFICATION
{
  "avatarImage": "https://ca.slack-edge.com/T1G453ZUP-UBAE7EUBY-7f47e8983fd9-512",
  "channel": "DBE6TST09",
  "content": "[REDACTED]",
  "id": "XmNt9Hk17ww8OQ",
  "launchUri": "slack://channel?id=DBE6TST09&message=1532329226.000207&team=T1G453ZUP",
  "msg": "1532329226.000207",
  "silent": true,
  "subtitle": "",
  "teamId": "T1G453ZUP",
  "title": "[REDACTED]"
}
[07/23/18, 08:59:00:169] info: Store: SELECT_CHANNEL DBE6TST09
[07/23/18, 08:59:05:558] info: Store: SELECT_CHANNEL DBN5JGNF7
[07/23/18, 08:59:09:455] info: Store: SELECT_CHANNEL DBE6TST09
[07/23/18, 08:59:30:531] info: Store: NEW_NOTIFICATION
{
  "avatarImage": "https://ca.slack-edge.com/T1G453ZUP-UBAE7EUBY-7f47e8983fd9-512",
  "channel": "DBE6TST09",
  "content": "[REDACTED]",
  "id": "mlrFqI9jNmmjDo",
  "launchUri": "slack://channel?id=DBE6TST09&message=1532329258.000122&team=T1G453ZUP",
  "msg": "1532329258.000122",
  "silent": true,
  "subtitle": "",
  "teamId": "T1G453ZUP",
  "title": "[REDACTED]"
}
[07/23/18, 08:59:50:544] info: Store: SELECT_CHANNEL DBN5JGNF7
[07/23/18, 08:59:52:296] info: Store: SELECT_CHANNEL DBE6TST09
[07/23/18, 09:00:51:906] info: Store: NEW_NOTIFICATION
{
  "avatarImage": "https://ca.slack-edge.com/T1G453ZUP-UBAE7EUBY-7f47e8983fd9-512",
  "channel": "DBE6TST09",
  "content": "[REDACTED]",
  "id": "YoOUVSVm3gOJjY",
  "launchUri": "slack://channel?id=DBE6TST09&message=1532329339.000260&team=T1G453ZUP",
  "msg": "1532329339.000260",
  "silent": true,
  "subtitle": "",
  "teamId": "T1G453ZUP",
  "title": "[REDACTED]"
}
[07/23/18, 09:00:54:444] info: Store: NEW_NOTIFICATION
{
  "avatarImage": "https://ca.slack-edge.com/T1G453ZUP-UB8V3ED1P-gce50a8f7fc0-512",
  "channel": "DBN5JGNF7",
  "content": "[REDACTED]",
  "id": "KKwSyTADoYqxm3",
  "launchUri": "slack://channel?id=DBN5JGNF7&message=1532329342.000099&team=T1G453ZUP",
  "msg": "1532329342.000099",
  "silent": true,
  "subtitle": "",
  "teamId": "T1G453ZUP",
  "title": "[REDACTED]"
}
[07/23/18, 09:01:06:222] info: Store: SELECT_CHANNEL DBN5JGNF7
[07/23/18, 09:01:38:202] info: Store: SELECT_CHANNEL DBE6TST09
[07/23/18, 09:02:40:705] info: Store: NEW_NOTIFICATION
{
  "avatarImage": "https://ca.slack-edge.com/T1G453ZUP-UB8V3ED1P-gce50a8f7fc0-512",
  "channel": "DBN5JGNF7",
  "content": "[REDACTED]",
  "id": "yQKHGURJP4XZrR",
  "launchUri": "slack://channel?id=DBN5JGNF7&message=1532329448.000134&team=T1G453ZUP",
  "msg": "1532329448.000134",
  "silent": true,
  "subtitle": "",
  "teamId": "T1G453ZUP",
  "title": "[REDACTED]"
}
