[07/19/18, 19:17:15:931] info: ╔═════════════════════════════════════════════════════════════════════════════╗
[07/19/18, 19:17:15:932] info: ║      Slack 3.2.1, linux 4.17.6-1-ARCH on x64 at 07/19/18, 19:17:15:928      ║
[07/19/18, 19:17:15:932] info: ╚═════════════════════════════════════════════════════════════════════════════╝
[07/19/18, 19:17:16:070] info: Initializing local storage instance at path: /home/fleip/.config/Slack/local-settings.json
[07/19/18, 19:17:16:190] info: NetworkStatus: Waiting for network online…
[07/19/18, 19:17:16:401] info: Store: BACKGROUND_CLIENTS_INITIALIZED
[07/19/18, 19:17:16:403] info: Don't start background client because T1G453ZUP is selected team
[07/19/18, 19:17:16:407] info: Store: BACKGROUND_CLIENTS_INITIALIZED true
[07/19/18, 19:17:16:546] info: NetworkStatus: Response from api.test
{
  "status": "online"
}
[07/19/18, 19:17:16:948] info: Store: SET_NETWORK_STATUS online
[07/19/18, 19:17:20:201] info: Store: UPSERT_WEB_CONTENTS
{
  "id": 3,
  "state": "loaded",
  "teamId": "T1G453ZUP"
}
[07/19/18, 19:17:20:204] info: Store: MAIN_WINDOW_SHOWN
[07/19/18, 19:17:20:450] info: Store: UPDATE_SESSION_STATUS
{
  "hasValidSession": true,
  "teamId": "T1G453ZUP"
}
[07/19/18, 19:17:20:626] info: Store: SELECT_CHANNEL GBH29TDHR
[07/19/18, 19:17:20:819] info: Store: UPDATE_TEAM_LOCALE
{
  "locale": "en-US"
}
[07/19/18, 19:17:20:821] info: Store: UPDATE_SETTINGS
{
  "locale": "en-US"
}
[07/19/18, 19:17:21:250] info: Store: SAVE_WINDOW_SETTINGS
{
  "isMaximized": false,
  "position": [
    1922,
    224
  ],
  "size": [
    1916,
    1057
  ]
}
[07/19/18, 19:17:21:367] info: Store: UPDATE_TEAM_ICONS
{
  "icons": {
    "image_102": "https://slack-files2.s3-us-west-2.amazonaws.com/avatars/2016-06-13/50511731271_3b4427cc943421df5a5e_102.png",
    "image_132": "https://slack-files2.s3-us-west-2.amazonaws.com/avatars/2016-06-13/50511731271_3b4427cc943421df5a5e_132.png",
    "image_230": "https://slack-files2.s3-us-west-2.amazonaws.com/avatars/2016-06-13/50511731271_3b4427cc943421df5a5e_230.png",
    "image_34": "https://slack-files2.s3-us-west-2.amazonaws.com/avatars/2016-06-13/50511731271_3b4427cc943421df5a5e_34.png",
    "image_44": "https://slack-files2.s3-us-west-2.amazonaws.com/avatars/2016-06-13/50511731271_3b4427cc943421df5a5e_44.png",
    "image_68": "https://slack-files2.s3-us-west-2.amazonaws.com/avatars/2016-06-13/50511731271_3b4427cc943421df5a5e_68.png",
    "image_88": "https://slack-files2.s3-us-west-2.amazonaws.com/avatars/2016-06-13/50511731271_3b4427cc943421df5a5e_88.png",
    "image_original": "https://slack-files2.s3-us-west-2.amazonaws.com/avatars/2016-06-13/50511731271_3b4427cc943421df5a5e_original.png"
  },
  "teamId": "T1G453ZUP"
}
[07/19/18, 19:17:21:441] info: Store: UPDATE_TEAM_LOCALE
{
  "locale": "en-US",
  "teamId": "T1G453ZUP"
}
[07/19/18, 19:17:21:447] info: Store: UPSERT_WEB_CONTENTS
{
  "id": 3,
  "state": "webapp-loaded",
  "teamId": "T1G453ZUP"
}
[07/19/18, 19:17:21:705] info: Store: STORE_ENTERPRISE_ID_PAIR
{
  "enterpriseId": null,
  "teamId": "T1G453ZUP"
}
[07/19/18, 19:17:21:706] info: Store: STORE_API_TOKEN
{
  "teamId": "T1G453ZUP",
  "token": "xoxs-⋯"
}
[07/19/18, 19:17:21:708] info: Store: UPDATE_TEAM_THEME
{
  "teamId": "T1G453ZUP",
  "theme": {
    "active_item": "#4C9689",
    "active_item_text": "#FFFFFF",
    "active_presence": "#38978D",
    "badge": "#EB4D5C",
    "column_bg": "#4D394B",
    "hover_item": "#3E313C",
    "menu_bg": "#3E313C",
    "text_color": "#FFFFFF"
  }
}
[07/19/18, 19:17:25:791] info: Store: SELECT_CHANNEL C2F0ZH9T7
[07/19/18, 19:17:31:690] info: Store: SELECT_CHANNEL C1G4AJ96D
[07/19/18, 19:17:34:132] info: Store: SELECT_CHANNEL GBH29TDHR
[07/19/18, 19:17:36:180] info: Store: SAVE_WINDOW_SETTINGS
{
  "isMaximized": false,
  "position": [
    -3838,
    224
  ],
  "size": [
    1916,
    1057
  ]
}
[07/19/18, 19:17:39:031] info: Store: SAVE_WINDOW_SETTINGS
{
  "isMaximized": false,
  "position": [
    -3838,
    224
  ],
  "size": [
    1916,
    1057
  ]
}
[07/19/18, 19:17:44:131] info: Store: SAVE_WINDOW_SETTINGS
{
  "isMaximized": false,
  "position": [
    -3838,
    224
  ],
  "size": [
    1916,
    1057
  ]
}
[07/19/18, 19:17:45:977] info: Store: NEW_NOTIFICATION
{
  "avatarImage": "https://ca.slack-edge.com/T1G453ZUP-UANNX1CQL-g61c606d212c-512",
  "channel": "GBH29TDHR",
  "content": "[REDACTED]",
  "id": "myxyt5h9jQ6EN7j",
  "launchUri": "slack://channel?id=GBH29TDHR&message=1532020745.000398&team=T1G453ZUP",
  "msg": "1532020745.000398",
  "silent": true,
  "subtitle": "",
  "teamId": "T1G453ZUP",
  "title": "[REDACTED]"
}
[07/19/18, 19:17:54:667] info: Store: SAVE_WINDOW_SETTINGS
{
  "isMaximized": false,
  "position": [
    1922,
    224
  ],
  "size": [
    1916,
    1057
  ]
}
[07/19/18, 19:18:00:712] info: Store: SAVE_WINDOW_SETTINGS
{
  "isMaximized": false,
  "position": [
    -3838,
    224
  ],
  "size": [
    1916,
    1057
  ]
}
[07/19/18, 19:18:10:715] info: Store: SAVE_WINDOW_SETTINGS
{
  "isMaximized": false,
  "position": [
    1922,
    224
  ],
  "size": [
    1916,
    1057
  ]
}
[07/19/18, 19:18:14:814] info: Store: SAVE_WINDOW_SETTINGS
{
  "isMaximized": false,
  "position": [
    -3838,
    224
  ],
  "size": [
    1916,
    1057
  ]
}
[07/19/18, 19:18:19:581] info: Store: SAVE_WINDOW_SETTINGS
{
  "isMaximized": false,
  "position": [
    1922,
    224
  ],
  "size": [
    1916,
    1057
  ]
}
[07/19/18, 19:18:31:566] info: Store: SAVE_WINDOW_SETTINGS
{
  "isMaximized": false,
  "position": [
    -3838,
    224
  ],
  "size": [
    1916,
    1057
  ]
}
[07/19/18, 19:33:58:654] info: Store: SET_SUSPEND_STATUS
[07/20/18, 09:55:44:652] info: Store: SET_SUSPEND_STATUS true
[07/20/18, 09:55:51:308] info: Store: UPDATE_TEAM_ICONS
{
  "icons": {
    "image_102": "https://slack-files2.s3-us-west-2.amazonaws.com/avatars/2016-06-13/50511731271_3b4427cc943421df5a5e_102.png",
    "image_132": "https://slack-files2.s3-us-west-2.amazonaws.com/avatars/2016-06-13/50511731271_3b4427cc943421df5a5e_132.png",
    "image_230": "https://slack-files2.s3-us-west-2.amazonaws.com/avatars/2016-06-13/50511731271_3b4427cc943421df5a5e_230.png",
    "image_34": "https://slack-files2.s3-us-west-2.amazonaws.com/avatars/2016-06-13/50511731271_3b4427cc943421df5a5e_34.png",
    "image_44": "https://slack-files2.s3-us-west-2.amazonaws.com/avatars/2016-06-13/50511731271_3b4427cc943421df5a5e_44.png",
    "image_68": "https://slack-files2.s3-us-west-2.amazonaws.com/avatars/2016-06-13/50511731271_3b4427cc943421df5a5e_68.png",
    "image_88": "https://slack-files2.s3-us-west-2.amazonaws.com/avatars/2016-06-13/50511731271_3b4427cc943421df5a5e_88.png",
    "image_original": "https://slack-files2.s3-us-west-2.amazonaws.com/avatars/2016-06-13/50511731271_3b4427cc943421df5a5e_original.png"
  },
  "teamId": "T1G453ZUP"
}
[07/20/18, 09:55:51:381] info: Store: UPDATE_TEAM_LOCALE
{
  "locale": "en-US",
  "teamId": "T1G453ZUP"
}
[07/20/18, 09:55:52:672] info: Store: NEW_NOTIFICATION
{
  "avatarImage": "https://ca.slack-edge.com/T1G453ZUP-USLACKBOT-sv1444671949-512",
  "channel": "GBH29TDHR",
  "content": "[REDACTED]",
  "id": "zXOXCGiK9wXNz35",
  "launchUri": "slack://channel?id=GBH29TDHR&message=1532025277.000000&team=T1G453ZUP",
  "msg": "1532025277.000000",
  "silent": true,
  "subtitle": "",
  "teamId": "T1G453ZUP",
  "title": "[REDACTED]"
}
