[07/19/18, 19:17:17:407] info: ╔═════════════════════════════════════════════════════════════════════════════╗
[07/19/18, 19:17:17:408] info: ║      Slack 3.2.1, linux 4.17.6-1-ARCH on x64 at 07/19/18, 19:17:17:405      ║
[07/19/18, 19:17:17:408] info: ╚═════════════════════════════════════════════════════════════════════════════╝
[07/19/18, 19:17:17:476] info: Initializing local storage instance at path: /home/fleip/.config/Slack/local-settings.json
[07/19/18, 19:17:17:699] error: Desktop module calls failed to load
{
  "error": {
    "message": "libCallsCore.so: cannot open shared object file: No such file or directory",
    "stack": "Error: libCallsCore.so: cannot open shared object file: No such file or directory\n    at process.module.(anonymous function) [as dlopen] (ELECTRON_ASAR.js:172:20)\n    at Object.Module._extensions..node (module.js:671:18)\n    at Object.module.(anonymous function) [as .node] (ELECTRON_ASAR.js:186:18)\n    at Module.load (module.js:561:32)\n    at tryModuleLoad (module.js:504:12)\n    at Function.Module._load (module.js:496:3)\n    at Module.require (module.js:586:17)\n    at require (internal/module.js:11:18)\n    at bindings (/usr/lib/slack/resources/app.asar/node_modules/@slack/slack-calls-prebuilt/modules/@slack/slack-calls/node_modules/bindings/bindings.js:81:44)\n    at Object.<anonymous> (/usr/lib/slack/resources/app.asar/node_modules/@slack/slack-calls-prebuilt/modules/@slack/slack-calls/index.js:1:192)"
  }
}
[07/19/18, 19:17:17:699] error: Desktop module calls failed to load
[07/19/18, 19:17:17:721] info: cld3::loadModule: loading cld3 module
[07/19/18, 19:17:17:741] info: cld3Loader::loadModule: running environment is NODE
[07/19/18, 19:17:17:741] info: cld3Loader::loadModule: constructed module object for runtime
[07/19/18, 19:17:17:850] info: cld3Loader::initializeRuntime: successfully initialized module
[07/19/18, 19:17:17:850] info: cld3Loader::loadModule: initialized wasm binary Runtime
[07/19/18, 19:17:17:859] info: SpellChecker:: updateSpellcheckerLanguage: Skip to set new language null, v2 spellchecker is not available
[07/19/18, 19:17:17:868] info: Main window preload script finished
{
  "readyTime": 676.229558
}
[07/19/18, 19:17:20:539] error: Jul-19 19:17:20.538 file:FBTAL3S4T (slurpFilesFromMessagesModern) has reactions in local model, but we are upserting an object that does NOT have reactions, which seems suspicious
[07/19/18, 19:17:20:540] error: Jul-19 19:17:20.540 file:FBT633EHY (slurpFilesFromMessagesModern) has reactions in local model, but we are upserting an object that does NOT have reactions, which seems suspicious
[07/19/18, 19:17:20:625] info: Skipping request to provide hint content for channel for spellchecker
{
  "version": "V2"
}
[07/19/18, 19:17:20:875] info: Store: UPSERT_WEB_CONTENTS
{
  "id": 3,
  "state": "loaded",
  "teamId": "T1G453ZUP"
}
[07/19/18, 19:17:20:877] info: Store: MAIN_WINDOW_SHOWN
[07/19/18, 19:17:21:308] info: Store: UPDATE_SESSION_STATUS
{
  "hasValidSession": true,
  "teamId": "T1G453ZUP"
}
[07/19/18, 19:17:21:443] info: postLoadTaskSetup: Desktop client fully loaded
{
  "loadedTime": 7271.176096
}
[07/19/18, 19:17:21:504] info: Store: SELECT_CHANNEL GBH29TDHR
[07/19/18, 19:17:21:505] info: Store: UPDATE_TEAM_LOCALE
{
  "locale": "en-US"
}
[07/19/18, 19:17:21:505] info: Store: UPDATE_SETTINGS
{
  "locale": "en-US"
}
[07/19/18, 19:17:21:525] info: Store: SAVE_WINDOW_SETTINGS
{
  "isMaximized": false,
  "position": [
    1922,
    224
  ],
  "size": [
    1916,
    1057
  ]
}
[07/19/18, 19:17:21:702] info: Store: UPDATE_TEAM_ICONS
{
  "icons": {
    "image_102": "https://slack-files2.s3-us-west-2.amazonaws.com/avatars/2016-06-13/50511731271_3b4427cc943421df5a5e_102.png",
    "image_132": "https://slack-files2.s3-us-west-2.amazonaws.com/avatars/2016-06-13/50511731271_3b4427cc943421df5a5e_132.png",
    "image_230": "https://slack-files2.s3-us-west-2.amazonaws.com/avatars/2016-06-13/50511731271_3b4427cc943421df5a5e_230.png",
    "image_34": "https://slack-files2.s3-us-west-2.amazonaws.com/avatars/2016-06-13/50511731271_3b4427cc943421df5a5e_34.png",
    "image_44": "https://slack-files2.s3-us-west-2.amazonaws.com/avatars/2016-06-13/50511731271_3b4427cc943421df5a5e_44.png",
    "image_68": "https://slack-files2.s3-us-west-2.amazonaws.com/avatars/2016-06-13/50511731271_3b4427cc943421df5a5e_68.png",
    "image_88": "https://slack-files2.s3-us-west-2.amazonaws.com/avatars/2016-06-13/50511731271_3b4427cc943421df5a5e_88.png",
    "image_original": "https://slack-files2.s3-us-west-2.amazonaws.com/avatars/2016-06-13/50511731271_3b4427cc943421df5a5e_original.png"
  },
  "teamId": "T1G453ZUP"
}
[07/19/18, 19:17:21:703] info: Store: UPDATE_TEAM_LOCALE
{
  "locale": "en-US",
  "teamId": "T1G453ZUP"
}
[07/19/18, 19:17:21:703] info: Store: UPSERT_WEB_CONTENTS
{
  "id": 3,
  "state": "webapp-loaded",
  "teamId": "T1G453ZUP"
}
[07/19/18, 19:17:21:807] info: Store: STORE_ENTERPRISE_ID_PAIR
{
  "enterpriseId": null,
  "teamId": "T1G453ZUP"
}
[07/19/18, 19:17:21:808] info: Store: STORE_API_TOKEN
{
  "teamId": "T1G453ZUP",
  "token": "xoxs-⋯"
}
[07/19/18, 19:17:21:808] info: Store: UPDATE_TEAM_THEME
{
  "teamId": "T1G453ZUP",
  "theme": {
    "active_item": "#4C9689",
    "active_item_text": "#FFFFFF",
    "active_presence": "#38978D",
    "badge": "#EB4D5C",
    "column_bg": "#4D394B",
    "hover_item": "#3E313C",
    "menu_bg": "#3E313C",
    "text_color": "#FFFFFF"
  }
}
[07/19/18, 19:17:22:485] info: postLoadTaskSetup: Setup spellchecker
{
  "version": "V2"
}
[07/19/18, 19:17:22:493] info: loadAsmModule: loading hunspell-asm module
[07/19/18, 19:17:22:661] info: loadAsmModule: asm module loaded successfully
[07/19/18, 19:17:22:661] info: SpellChecker: Starting spellchecker with language detector
[07/19/18, 19:17:22:661] info: SpellChecker::enableSpellCheckerLanguageDetector: enable spellchecker language detector
[07/19/18, 19:17:22:662] info: SpellChecker::startWithDictionary: Starting language detector with preloaded dict from last used language en
[07/19/18, 19:17:22:675] info: download: downloading dictionary for 'en-us'
[07/19/18, 19:17:22:676] info: fetchResourceAsBuffer: downloading
{
  "filePath": "https://spellcheck.slack-edge.com/dictionaries/en-us/1/en-us.aff",
  "cachePolicy": "default"
}
[07/19/18, 19:17:22:680] info: fetchResourceAsBuffer: downloading
{
  "filePath": "https://spellcheck.slack-edge.com/dictionaries/en-us/1/en-us.dic",
  "cachePolicy": "default"
}
[07/19/18, 19:17:22:685] info: dictionaryDownloader: verifying hash
[07/19/18, 19:17:22:708] info: SpellChecker::downloadDictionary: Dictionary is ready for 
{
  "language": "en"
}
[07/19/18, 19:17:22:743] info: assignSpellchecker: spellCheckerTable added new checker for 'en'
[07/19/18, 19:17:22:745] info: SpellChecker::prepareDictionary: Dictionary buffer for 'en' is loaded into spellchecker
[07/19/18, 19:17:22:746] info: switchDictionary: switching dictionary to check spell from 'null' to 'en'
[07/19/18, 19:17:22:747] info: SpellChecker::switchDictionary: SpellChecker enabled for language
{
  "language": "en"
}
[07/19/18, 19:17:25:789] info: Skipping request to provide hint content for channel for spellchecker
{
  "version": "V2"
}
[07/19/18, 19:17:25:827] info: Store: SELECT_CHANNEL C2F0ZH9T7
[07/19/18, 19:17:31:689] info: Skipping request to provide hint content for channel for spellchecker
{
  "version": "V2"
}
[07/19/18, 19:17:31:730] info: Store: SELECT_CHANNEL C1G4AJ96D
[07/19/18, 19:17:34:127] info: Skipping request to provide hint content for channel for spellchecker
{
  "version": "V2"
}
[07/19/18, 19:17:34:152] info: Store: SELECT_CHANNEL GBH29TDHR
[07/19/18, 19:17:36:180] info: Store: SAVE_WINDOW_SETTINGS
{
  "isMaximized": false,
  "position": [
    -3838,
    224
  ],
  "size": [
    1916,
    1057
  ]
}
[07/19/18, 19:17:39:031] info: Store: SAVE_WINDOW_SETTINGS
{
  "isMaximized": false,
  "position": [
    -3838,
    224
  ],
  "size": [
    1916,
    1057
  ]
}
[07/19/18, 19:17:44:131] info: Store: SAVE_WINDOW_SETTINGS
{
  "isMaximized": false,
  "position": [
    -3838,
    224
  ],
  "size": [
    1916,
    1057
  ]
}
[07/19/18, 19:17:45:987] info: Store: NEW_NOTIFICATION
{
  "avatarImage": "https://ca.slack-edge.com/T1G453ZUP-UANNX1CQL-g61c606d212c-512",
  "channel": "GBH29TDHR",
  "content": "[REDACTED]",
  "id": "myxyt5h9jQ6EN7j",
  "launchUri": "slack://channel?id=GBH29TDHR&message=1532020745.000398&team=T1G453ZUP",
  "msg": "1532020745.000398",
  "silent": true,
  "subtitle": "",
  "teamId": "T1G453ZUP",
  "title": "[REDACTED]"
}
[07/19/18, 19:17:54:667] info: Store: SAVE_WINDOW_SETTINGS
{
  "isMaximized": false,
  "position": [
    1922,
    224
  ],
  "size": [
    1916,
    1057
  ]
}
[07/19/18, 19:18:00:712] info: Store: SAVE_WINDOW_SETTINGS
{
  "isMaximized": false,
  "position": [
    -3838,
    224
  ],
  "size": [
    1916,
    1057
  ]
}
[07/19/18, 19:18:10:715] info: Store: SAVE_WINDOW_SETTINGS
{
  "isMaximized": false,
  "position": [
    1922,
    224
  ],
  "size": [
    1916,
    1057
  ]
}
[07/19/18, 19:18:14:815] info: Store: SAVE_WINDOW_SETTINGS
{
  "isMaximized": false,
  "position": [
    -3838,
    224
  ],
  "size": [
    1916,
    1057
  ]
}
[07/19/18, 19:18:19:581] info: Store: SAVE_WINDOW_SETTINGS
{
  "isMaximized": false,
  "position": [
    1922,
    224
  ],
  "size": [
    1916,
    1057
  ]
}
[07/19/18, 19:18:31:566] info: Store: SAVE_WINDOW_SETTINGS
{
  "isMaximized": false,
  "position": [
    -3838,
    224
  ],
  "size": [
    1916,
    1057
  ]
}
[07/19/18, 19:33:58:654] info: Store: SET_SUSPEND_STATUS
[07/19/18, 19:33:58:657] error: Jul-19 19:33:58.657 SOCKET-MANAGER (T1G453ZUP) Closing socket because #4102: client is going to sleep
[07/20/18, 09:55:44:652] info: Store: SET_SUSPEND_STATUS true
[07/20/18, 09:55:44:668] error: Jul-20 09:55:44.668 SOCKET-MANAGER (T1G453ZUP) Closing socket because #4108: unexpected socket closure
[07/20/18, 09:55:45:588] error: Jul-20 09:55:45.588 SOCKET-MANAGER (T1G453ZUP) Closing socket because #4108: unexpected socket closure
[07/20/18, 09:55:47:421] error: Jul-20 09:55:47.421 SOCKET-MANAGER (T1G453ZUP) Closing socket because #4108: unexpected socket closure
[07/20/18, 09:55:51:435] info: Store: UPDATE_TEAM_ICONS
{
  "icons": {
    "image_102": "https://slack-files2.s3-us-west-2.amazonaws.com/avatars/2016-06-13/50511731271_3b4427cc943421df5a5e_102.png",
    "image_132": "https://slack-files2.s3-us-west-2.amazonaws.com/avatars/2016-06-13/50511731271_3b4427cc943421df5a5e_132.png",
    "image_230": "https://slack-files2.s3-us-west-2.amazonaws.com/avatars/2016-06-13/50511731271_3b4427cc943421df5a5e_230.png",
    "image_34": "https://slack-files2.s3-us-west-2.amazonaws.com/avatars/2016-06-13/50511731271_3b4427cc943421df5a5e_34.png",
    "image_44": "https://slack-files2.s3-us-west-2.amazonaws.com/avatars/2016-06-13/50511731271_3b4427cc943421df5a5e_44.png",
    "image_68": "https://slack-files2.s3-us-west-2.amazonaws.com/avatars/2016-06-13/50511731271_3b4427cc943421df5a5e_68.png",
    "image_88": "https://slack-files2.s3-us-west-2.amazonaws.com/avatars/2016-06-13/50511731271_3b4427cc943421df5a5e_88.png",
    "image_original": "https://slack-files2.s3-us-west-2.amazonaws.com/avatars/2016-06-13/50511731271_3b4427cc943421df5a5e_original.png"
  },
  "teamId": "T1G453ZUP"
}
[07/20/18, 09:55:51:437] info: Store: UPDATE_TEAM_LOCALE
{
  "locale": "en-US",
  "teamId": "T1G453ZUP"
}
[07/20/18, 09:55:52:694] info: Store: NEW_NOTIFICATION
{
  "avatarImage": "https://ca.slack-edge.com/T1G453ZUP-USLACKBOT-sv1444671949-512",
  "channel": "GBH29TDHR",
  "content": "[REDACTED]",
  "id": "zXOXCGiK9wXNz35",
  "launchUri": "slack://channel?id=GBH29TDHR&message=1532025277.000000&team=T1G453ZUP",
  "msg": "1532025277.000000",
  "silent": true,
  "subtitle": "",
  "teamId": "T1G453ZUP",
  "title": "[REDACTED]"
}
