[07/19/18, 18:25:53:427] info: ╔═════════════════════════════════════════════════════════════════════════════╗
[07/19/18, 18:25:53:428] info: ║      Slack 3.2.1, linux 4.17.5-1-ARCH on x64 at 07/19/18, 18:25:53:425      ║
[07/19/18, 18:25:53:428] info: ╚═════════════════════════════════════════════════════════════════════════════╝
[07/19/18, 18:25:53:494] info: Initializing local storage instance at path: /home/fleip/.config/Slack/local-settings.json
[07/19/18, 18:25:53:701] error: Desktop module calls failed to load
{
  "error": {
    "message": "libCallsCore.so: cannot open shared object file: No such file or directory",
    "stack": "Error: libCallsCore.so: cannot open shared object file: No such file or directory\n    at process.module.(anonymous function) [as dlopen] (ELECTRON_ASAR.js:172:20)\n    at Object.Module._extensions..node (module.js:671:18)\n    at Object.module.(anonymous function) [as .node] (ELECTRON_ASAR.js:186:18)\n    at Module.load (module.js:561:32)\n    at tryModuleLoad (module.js:504:12)\n    at Function.Module._load (module.js:496:3)\n    at Module.require (module.js:586:17)\n    at require (internal/module.js:11:18)\n    at bindings (/usr/lib/slack/resources/app.asar/node_modules/@slack/slack-calls-prebuilt/modules/@slack/slack-calls/node_modules/bindings/bindings.js:81:44)\n    at Object.<anonymous> (/usr/lib/slack/resources/app.asar/node_modules/@slack/slack-calls-prebuilt/modules/@slack/slack-calls/index.js:1:192)"
  }
}
[07/19/18, 18:25:53:701] error: Desktop module calls failed to load
[07/19/18, 18:25:53:717] info: cld3::loadModule: loading cld3 module
[07/19/18, 18:25:53:733] info: cld3Loader::loadModule: running environment is NODE
[07/19/18, 18:25:53:733] info: cld3Loader::loadModule: constructed module object for runtime
[07/19/18, 18:25:53:832] info: cld3Loader::initializeRuntime: successfully initialized module
[07/19/18, 18:25:53:832] info: cld3Loader::loadModule: initialized wasm binary Runtime
[07/19/18, 18:25:53:839] info: SpellChecker:: updateSpellcheckerLanguage: Skip to set new language null, v2 spellchecker is not available
[07/19/18, 18:25:53:848] info: Main window preload script finished
{
  "readyTime": 644.134212
}
[07/19/18, 18:25:56:113] info: Store: UPSERT_WEB_CONTENTS
{
  "id": 4,
  "state": "loaded",
  "teamId": "T1G453ZUP"
}
[07/19/18, 18:25:56:595] error: Jul-19 18:25:56.595 file:FBTAL3S4T (slurpFilesFromMessagesModern) has reactions in local model, but we are upserting an object that does NOT have reactions, which seems suspicious
[07/19/18, 18:25:56:596] error: Jul-19 18:25:56.596 file:FBT633EHY (slurpFilesFromMessagesModern) has reactions in local model, but we are upserting an object that does NOT have reactions, which seems suspicious
[07/19/18, 18:25:56:697] info: Skipping request to provide hint content for channel for spellchecker
{
  "version": "V2"
}
[07/19/18, 18:25:57:182] info: Store: UPDATE_SESSION_STATUS
{
  "hasValidSession": true,
  "teamId": "T1G453ZUP"
}
[07/19/18, 18:25:57:352] info: Store: SELECT_CHANNEL GBH29TDHR
[07/19/18, 18:25:57:352] info: Store: UPDATE_TEAM_LOCALE
{
  "locale": "en-US",
  "teamId": "T1G453ZUP"
}
[07/19/18, 18:25:57:353] info: Store: UPDATE_TEAM_THEME
{
  "teamId": "T1G453ZUP",
  "theme": {
    "active_item": "#4C9689",
    "active_item_text": "#FFFFFF",
    "active_presence": "#38978D",
    "badge": "#EB4D5C",
    "column_bg": "#4D394B",
    "hover_item": "#3E313C",
    "menu_bg": "#3E313C",
    "text_color": "#FFFFFF"
  }
}
[07/19/18, 18:25:57:492] info: Store: UPDATE_TEAM_ICONS
{
  "icons": {
    "image_102": "https://slack-files2.s3-us-west-2.amazonaws.com/avatars/2016-06-13/50511731271_3b4427cc943421df5a5e_102.png",
    "image_132": "https://slack-files2.s3-us-west-2.amazonaws.com/avatars/2016-06-13/50511731271_3b4427cc943421df5a5e_132.png",
    "image_230": "https://slack-files2.s3-us-west-2.amazonaws.com/avatars/2016-06-13/50511731271_3b4427cc943421df5a5e_230.png",
    "image_34": "https://slack-files2.s3-us-west-2.amazonaws.com/avatars/2016-06-13/50511731271_3b4427cc943421df5a5e_34.png",
    "image_44": "https://slack-files2.s3-us-west-2.amazonaws.com/avatars/2016-06-13/50511731271_3b4427cc943421df5a5e_44.png",
    "image_68": "https://slack-files2.s3-us-west-2.amazonaws.com/avatars/2016-06-13/50511731271_3b4427cc943421df5a5e_68.png",
    "image_88": "https://slack-files2.s3-us-west-2.amazonaws.com/avatars/2016-06-13/50511731271_3b4427cc943421df5a5e_88.png",
    "image_original": "https://slack-files2.s3-us-west-2.amazonaws.com/avatars/2016-06-13/50511731271_3b4427cc943421df5a5e_original.png"
  },
  "teamId": "T1G453ZUP"
}
[07/19/18, 18:25:57:493] info: Store: UPDATE_TEAM_LOCALE
{
  "locale": "en-US",
  "teamId": "T1G453ZUP"
}
[07/19/18, 18:25:57:493] info: Store: UPSERT_WEB_CONTENTS
{
  "id": 4,
  "state": "webapp-loaded",
  "teamId": "T1G453ZUP"
}
[07/19/18, 18:25:57:599] info: Store: STORE_ENTERPRISE_ID_PAIR
{
  "enterpriseId": null,
  "teamId": "T1G453ZUP"
}
[07/19/18, 18:25:57:780] info: postLoadTaskSetup: Setup spellchecker
{
  "version": "V2"
}
[07/19/18, 18:25:57:788] info: loadAsmModule: loading hunspell-asm module
[07/19/18, 18:25:57:944] info: loadAsmModule: asm module loaded successfully
[07/19/18, 18:25:57:944] info: SpellChecker: Starting spellchecker with language detector
[07/19/18, 18:25:57:944] info: SpellChecker::enableSpellCheckerLanguageDetector: enable spellchecker language detector
[07/19/18, 18:25:57:945] info: SpellChecker::startWithDictionary: Starting language detector with preloaded dict from last used language en
[07/19/18, 18:25:57:963] info: download: downloading dictionary for 'en-us'
[07/19/18, 18:25:57:963] info: fetchResourceAsBuffer: downloading
{
  "filePath": "https://spellcheck.slack-edge.com/dictionaries/en-us/1/en-us.aff",
  "cachePolicy": "default"
}
[07/19/18, 18:25:57:966] info: fetchResourceAsBuffer: downloading
{
  "filePath": "https://spellcheck.slack-edge.com/dictionaries/en-us/1/en-us.dic",
  "cachePolicy": "default"
}
[07/19/18, 18:25:57:968] info: dictionaryDownloader: verifying hash
[07/19/18, 18:25:57:989] info: SpellChecker::downloadDictionary: Dictionary is ready for 
{
  "language": "en"
}
[07/19/18, 18:25:58:023] info: assignSpellchecker: spellCheckerTable added new checker for 'en'
[07/19/18, 18:25:58:349] info: SpellChecker::prepareDictionary: Dictionary buffer for 'en' is loaded into spellchecker
[07/19/18, 18:25:58:349] info: switchDictionary: switching dictionary to check spell from 'null' to 'en'
[07/19/18, 18:25:58:349] info: SpellChecker::switchDictionary: SpellChecker enabled for language
{
  "language": "en"
}
[07/19/18, 18:26:03:943] info: Store: SAVE_WINDOW_SETTINGS
{
  "isMaximized": false,
  "position": [
    -3838,
    203
  ],
  "size": [
    1916,
    1057
  ]
}
[07/19/18, 18:28:53:984] info: Store: SAVE_WINDOW_SETTINGS
{
  "isMaximized": false,
  "position": [
    1922,
    203
  ],
  "size": [
    1916,
    1057
  ]
}
[07/19/18, 18:29:17:627] info: Store: SAVE_WINDOW_SETTINGS
{
  "isMaximized": false,
  "position": [
    -3838,
    203
  ],
  "size": [
    1916,
    1057
  ]
}
[07/19/18, 18:29:19:151] info: Store: SAVE_WINDOW_SETTINGS
{
  "isMaximized": false,
  "position": [
    1920,
    201
  ],
  "size": [
    956,
    1057
  ]
}
[07/19/18, 18:29:27:323] info: Store: SAVE_WINDOW_SETTINGS
{
  "isMaximized": false,
  "position": [
    -1918,
    203
  ],
  "size": [
    956,
    1057
  ]
}
[07/19/18, 18:29:28:723] info: Store: SAVE_WINDOW_SETTINGS
{
  "isMaximized": false,
  "position": [
    1922,
    203
  ],
  "size": [
    956,
    1057
  ]
}
[07/19/18, 18:36:22:159] info: Store: SAVE_WINDOW_SETTINGS
{
  "isMaximized": false,
  "position": [
    -1918,
    203
  ],
  "size": [
    956,
    1057
  ]
}
[07/19/18, 18:36:25:868] info: Store: SAVE_WINDOW_SETTINGS
{
  "isMaximized": false,
  "position": [
    1922,
    203
  ],
  "size": [
    956,
    1057
  ]
}
[07/19/18, 18:39:13:640] info: Store: SAVE_WINDOW_SETTINGS
{
  "isMaximized": false,
  "position": [
    -1918,
    203
  ],
  "size": [
    956,
    1057
  ]
}
[07/19/18, 18:46:06:021] info: Store: SAVE_WINDOW_SETTINGS
{
  "isMaximized": false,
  "position": [
    -2686,
    203
  ],
  "size": [
    1340,
    1057
  ]
}
[07/19/18, 18:49:13:156] info: Store: SAVE_WINDOW_SETTINGS
{
  "isMaximized": false,
  "position": [
    -2686,
    203
  ],
  "size": [
    1340,
    1057
  ]
}
[07/19/18, 18:49:15:318] info: Store: SAVE_WINDOW_SETTINGS
{
  "isMaximized": false,
  "position": [
    1922,
    203
  ],
  "size": [
    956,
    1057
  ]
}
[07/19/18, 18:49:17:607] info: Store: SAVE_WINDOW_SETTINGS
{
  "isMaximized": false,
  "position": [
    -1918,
    203
  ],
  "size": [
    956,
    1057
  ]
}
[07/19/18, 18:55:54:148] info: Store: SAVE_WINDOW_SETTINGS
{
  "isMaximized": false,
  "position": [
    -1918,
    203
  ],
  "size": [
    956,
    1057
  ]
}
[07/19/18, 18:56:16:912] info: Store: SAVE_WINDOW_SETTINGS
{
  "isMaximized": false,
  "position": [
    -1918,
    203
  ],
  "size": [
    956,
    1057
  ]
}
[07/19/18, 18:56:31:840] info: Store: SAVE_WINDOW_SETTINGS
{
  "isMaximized": false,
  "position": [
    -1918,
    203
  ],
  "size": [
    956,
    1057
  ]
}
[07/19/18, 18:56:40:149] info: Store: SET_SUSPEND_STATUS
[07/19/18, 18:56:40:152] error: Jul-19 18:56:40.152 SOCKET-MANAGER (T1G453ZUP) Closing socket because #4102: client is going to sleep
[07/19/18, 18:56:51:761] info: Store: SET_SUSPEND_STATUS true
[07/19/18, 18:56:51:856] error: Jul-19 18:56:51.856 SOCKET-MANAGER (T1G453ZUP) Closing socket because #4108: unexpected socket closure
[07/19/18, 18:56:52:157] info: Store: SET_NETWORK_STATUS offline
[07/19/18, 18:57:02:088] info: Store: SET_NETWORK_STATUS online
