[07/19/18, 18:25:52:329] info: ╔═════════════════════════════════════════════════════════════════════════════╗
[07/19/18, 18:25:52:330] info: ║      Slack 3.2.1, linux 4.17.5-1-ARCH on x64 at 07/19/18, 18:25:52:327      ║
[07/19/18, 18:25:52:330] info: ╚═════════════════════════════════════════════════════════════════════════════╝
[07/19/18, 18:25:52:459] info: Initializing local storage instance at path: /home/fleip/.config/Slack/local-settings.json
[07/19/18, 18:25:52:578] info: NetworkStatus: Waiting for network online…
[07/19/18, 18:25:52:726] info: Store: BACKGROUND_CLIENTS_INITIALIZED
[07/19/18, 18:25:52:728] info: Don't start background client because T1G453ZUP is selected team
[07/19/18, 18:25:52:730] info: Store: BACKGROUND_CLIENTS_INITIALIZED true
[07/19/18, 18:25:52:865] info: NetworkStatus: Response from api.test
{
  "status": "online"
}
[07/19/18, 18:25:53:268] info: Store: SET_NETWORK_STATUS online
[07/19/18, 18:25:56:094] info: Store: UPSERT_WEB_CONTENTS
{
  "id": 4,
  "state": "loaded",
  "teamId": "T1G453ZUP"
}
[07/19/18, 18:25:56:343] info: Store: UPDATE_SESSION_STATUS
{
  "hasValidSession": true,
  "teamId": "T1G453ZUP"
}
[07/19/18, 18:25:56:698] info: Store: SELECT_CHANNEL GBH29TDHR
[07/19/18, 18:25:56:880] info: Store: UPDATE_TEAM_LOCALE
{
  "locale": "en-US",
  "teamId": "T1G453ZUP"
}
[07/19/18, 18:25:56:884] info: Store: UPDATE_TEAM_THEME
{
  "teamId": "T1G453ZUP",
  "theme": {
    "active_item": "#4C9689",
    "active_item_text": "#FFFFFF",
    "active_presence": "#38978D",
    "badge": "#EB4D5C",
    "column_bg": "#4D394B",
    "hover_item": "#3E313C",
    "menu_bg": "#3E313C",
    "text_color": "#FFFFFF"
  }
}
[07/19/18, 18:25:57:236] info: Store: UPDATE_TEAM_ICONS
{
  "icons": {
    "image_102": "https://slack-files2.s3-us-west-2.amazonaws.com/avatars/2016-06-13/50511731271_3b4427cc943421df5a5e_102.png",
    "image_132": "https://slack-files2.s3-us-west-2.amazonaws.com/avatars/2016-06-13/50511731271_3b4427cc943421df5a5e_132.png",
    "image_230": "https://slack-files2.s3-us-west-2.amazonaws.com/avatars/2016-06-13/50511731271_3b4427cc943421df5a5e_230.png",
    "image_34": "https://slack-files2.s3-us-west-2.amazonaws.com/avatars/2016-06-13/50511731271_3b4427cc943421df5a5e_34.png",
    "image_44": "https://slack-files2.s3-us-west-2.amazonaws.com/avatars/2016-06-13/50511731271_3b4427cc943421df5a5e_44.png",
    "image_68": "https://slack-files2.s3-us-west-2.amazonaws.com/avatars/2016-06-13/50511731271_3b4427cc943421df5a5e_68.png",
    "image_88": "https://slack-files2.s3-us-west-2.amazonaws.com/avatars/2016-06-13/50511731271_3b4427cc943421df5a5e_88.png",
    "image_original": "https://slack-files2.s3-us-west-2.amazonaws.com/avatars/2016-06-13/50511731271_3b4427cc943421df5a5e_original.png"
  },
  "teamId": "T1G453ZUP"
}
[07/19/18, 18:25:57:303] info: Store: UPDATE_TEAM_LOCALE
{
  "locale": "en-US",
  "teamId": "T1G453ZUP"
}
[07/19/18, 18:25:57:308] info: Store: UPSERT_WEB_CONTENTS
{
  "id": 4,
  "state": "webapp-loaded",
  "teamId": "T1G453ZUP"
}
[07/19/18, 18:25:57:495] info: Store: STORE_ENTERPRISE_ID_PAIR
{
  "enterpriseId": null,
  "teamId": "T1G453ZUP"
}
[07/19/18, 18:26:03:943] info: Store: SAVE_WINDOW_SETTINGS
{
  "isMaximized": false,
  "position": [
    -3838,
    203
  ],
  "size": [
    1916,
    1057
  ]
}
[07/19/18, 18:28:53:983] info: Store: SAVE_WINDOW_SETTINGS
{
  "isMaximized": false,
  "position": [
    1922,
    203
  ],
  "size": [
    1916,
    1057
  ]
}
[07/19/18, 18:29:17:627] info: Store: SAVE_WINDOW_SETTINGS
{
  "isMaximized": false,
  "position": [
    -3838,
    203
  ],
  "size": [
    1916,
    1057
  ]
}
[07/19/18, 18:29:19:151] info: Store: SAVE_WINDOW_SETTINGS
{
  "isMaximized": false,
  "position": [
    1920,
    201
  ],
  "size": [
    956,
    1057
  ]
}
[07/19/18, 18:29:27:323] info: Store: SAVE_WINDOW_SETTINGS
{
  "isMaximized": false,
  "position": [
    -1918,
    203
  ],
  "size": [
    956,
    1057
  ]
}
[07/19/18, 18:29:28:723] info: Store: SAVE_WINDOW_SETTINGS
{
  "isMaximized": false,
  "position": [
    1922,
    203
  ],
  "size": [
    956,
    1057
  ]
}
[07/19/18, 18:36:22:159] info: Store: SAVE_WINDOW_SETTINGS
{
  "isMaximized": false,
  "position": [
    -1918,
    203
  ],
  "size": [
    956,
    1057
  ]
}
[07/19/18, 18:36:25:868] info: Store: SAVE_WINDOW_SETTINGS
{
  "isMaximized": false,
  "position": [
    1922,
    203
  ],
  "size": [
    956,
    1057
  ]
}
[07/19/18, 18:39:13:640] info: Store: SAVE_WINDOW_SETTINGS
{
  "isMaximized": false,
  "position": [
    -1918,
    203
  ],
  "size": [
    956,
    1057
  ]
}
[07/19/18, 18:46:06:021] info: Store: SAVE_WINDOW_SETTINGS
{
  "isMaximized": false,
  "position": [
    -2686,
    203
  ],
  "size": [
    1340,
    1057
  ]
}
[07/19/18, 18:49:13:156] info: Store: SAVE_WINDOW_SETTINGS
{
  "isMaximized": false,
  "position": [
    -2686,
    203
  ],
  "size": [
    1340,
    1057
  ]
}
[07/19/18, 18:49:15:318] info: Store: SAVE_WINDOW_SETTINGS
{
  "isMaximized": false,
  "position": [
    1922,
    203
  ],
  "size": [
    956,
    1057
  ]
}
[07/19/18, 18:49:17:607] info: Store: SAVE_WINDOW_SETTINGS
{
  "isMaximized": false,
  "position": [
    -1918,
    203
  ],
  "size": [
    956,
    1057
  ]
}
[07/19/18, 18:55:54:148] info: Store: SAVE_WINDOW_SETTINGS
{
  "isMaximized": false,
  "position": [
    -1918,
    203
  ],
  "size": [
    956,
    1057
  ]
}
[07/19/18, 18:56:16:912] info: Store: SAVE_WINDOW_SETTINGS
{
  "isMaximized": false,
  "position": [
    -1918,
    203
  ],
  "size": [
    956,
    1057
  ]
}
[07/19/18, 18:56:31:840] info: Store: SAVE_WINDOW_SETTINGS
{
  "isMaximized": false,
  "position": [
    -1918,
    203
  ],
  "size": [
    956,
    1057
  ]
}
[07/19/18, 18:56:40:149] info: Store: SET_SUSPEND_STATUS
[07/19/18, 18:56:51:761] info: Store: SET_SUSPEND_STATUS true
[07/19/18, 18:56:52:157] info: Store: SET_NETWORK_STATUS offline
[07/19/18, 18:56:56:378] info: NetworkStatus: Waiting for network online…
[07/19/18, 18:56:56:383] info: NetworkStatus: Network check failed
{
  "error": {
    "message": "Failed to fetch",
    "stack": "TypeError: Failed to fetch"
  }
}
[07/19/18, 18:56:56:383] info: NetworkStatus: Response from api.test
{
  "status": "offline"
}
[07/19/18, 18:57:01:686] info: NetworkStatus: Response from api.test
{
  "status": "online"
}
[07/19/18, 18:57:02:088] info: Store: SET_NETWORK_STATUS online
[07/19/18, 18:57:02:091] warn: Base Component: Attempting to update LoadingScreen when unmounted.
