[07/18/18, 18:34:39:250] info: ╔═════════════════════════════════════════════════════════════════════════════╗
[07/18/18, 18:34:39:251] info: ║      Slack 3.2.1, linux 4.17.5-1-ARCH on x64 at 07/18/18, 18:34:39:248      ║
[07/18/18, 18:34:39:251] info: ╚═════════════════════════════════════════════════════════════════════════════╝
[07/18/18, 18:34:39:382] info: Initializing local storage instance at path: /home/fleip/.config/Slack/local-settings.json
[07/18/18, 18:34:39:495] info: NetworkStatus: Waiting for network online…
[07/18/18, 18:34:39:641] info: Store: BACKGROUND_CLIENTS_INITIALIZED
[07/18/18, 18:34:39:643] info: Don't start background client because T1G453ZUP is selected team
[07/18/18, 18:34:39:645] info: Store: BACKGROUND_CLIENTS_INITIALIZED true
[07/18/18, 18:34:39:777] info: NetworkStatus: Response from api.test
{
  "status": "online"
}
[07/18/18, 18:34:40:179] info: Store: SET_NETWORK_STATUS online
[07/18/18, 18:34:43:551] info: Store: UPSERT_WEB_CONTENTS
{
  "id": 4,
  "state": "loaded",
  "teamId": "T1G453ZUP"
}
[07/18/18, 18:34:44:226] info: Store: SELECT_CHANNEL GBH29TDHR
[07/18/18, 18:34:44:406] info: Store: UPDATE_TEAM_LOCALE
{
  "locale": "en-US",
  "teamId": "T1G453ZUP"
}
[07/18/18, 18:34:44:410] info: Store: UPDATE_TEAM_THEME
{
  "teamId": "T1G453ZUP",
  "theme": {
    "active_item": "#4C9689",
    "active_item_text": "#FFFFFF",
    "active_presence": "#38978D",
    "badge": "#EB4D5C",
    "column_bg": "#4D394B",
    "hover_item": "#3E313C",
    "menu_bg": "#3E313C",
    "text_color": "#FFFFFF"
  }
}
[07/18/18, 18:34:44:761] info: Store: UPDATE_TEAM_ICONS
{
  "icons": {
    "image_102": "https://slack-files2.s3-us-west-2.amazonaws.com/avatars/2016-06-13/50511731271_3b4427cc943421df5a5e_102.png",
    "image_132": "https://slack-files2.s3-us-west-2.amazonaws.com/avatars/2016-06-13/50511731271_3b4427cc943421df5a5e_132.png",
    "image_230": "https://slack-files2.s3-us-west-2.amazonaws.com/avatars/2016-06-13/50511731271_3b4427cc943421df5a5e_230.png",
    "image_34": "https://slack-files2.s3-us-west-2.amazonaws.com/avatars/2016-06-13/50511731271_3b4427cc943421df5a5e_34.png",
    "image_44": "https://slack-files2.s3-us-west-2.amazonaws.com/avatars/2016-06-13/50511731271_3b4427cc943421df5a5e_44.png",
    "image_68": "https://slack-files2.s3-us-west-2.amazonaws.com/avatars/2016-06-13/50511731271_3b4427cc943421df5a5e_68.png",
    "image_88": "https://slack-files2.s3-us-west-2.amazonaws.com/avatars/2016-06-13/50511731271_3b4427cc943421df5a5e_88.png",
    "image_original": "https://slack-files2.s3-us-west-2.amazonaws.com/avatars/2016-06-13/50511731271_3b4427cc943421df5a5e_original.png"
  },
  "teamId": "T1G453ZUP"
}
[07/18/18, 18:34:44:826] info: Store: UPDATE_TEAM_LOCALE
{
  "locale": "en-US",
  "teamId": "T1G453ZUP"
}
[07/18/18, 18:34:44:831] info: Store: UPSERT_WEB_CONTENTS
{
  "id": 4,
  "state": "webapp-loaded",
  "teamId": "T1G453ZUP"
}
[07/18/18, 18:34:44:999] info: Store: STORE_ENTERPRISE_ID_PAIR
{
  "enterpriseId": null,
  "teamId": "T1G453ZUP"
}
[07/18/18, 18:34:49:111] info: Store: SELECT_CHANNEL C6E0ZEYLE
[07/18/18, 18:34:51:601] info: Store: SELECT_CHANNEL GBH29TDHR
[07/18/18, 18:34:52:276] info: Store: UPDATE_SESSION_STATUS
{
  "hasValidSession": true,
  "teamId": "T1G453ZUP"
}
[07/18/18, 18:39:36:030] info: Store: SAVE_WINDOW_SETTINGS
{
  "isMaximized": false,
  "position": [
    -3838,
    203
  ],
  "size": [
    1916,
    1057
  ]
}
[07/18/18, 19:11:08:540] info: Store: SET_SUSPEND_STATUS
[07/18/18, 20:44:44:702] info: Store: SET_SUSPEND_STATUS true
[07/18/18, 20:44:44:942] info: Store: SET_NETWORK_STATUS offline
[07/18/18, 20:44:48:765] info: NetworkStatus: Waiting for network online…
[07/18/18, 20:44:48:769] info: NetworkStatus: Network check failed
{
  "error": {
    "message": "Failed to fetch",
    "stack": "TypeError: Failed to fetch"
  }
}
[07/18/18, 20:44:48:769] info: NetworkStatus: Response from api.test
{
  "status": "offline"
}
[07/18/18, 20:44:52:272] info: Store: UPDATE_TEAM_ICONS
{
  "icons": {
    "image_102": "https://slack-files2.s3-us-west-2.amazonaws.com/avatars/2016-06-13/50511731271_3b4427cc943421df5a5e_102.png",
    "image_132": "https://slack-files2.s3-us-west-2.amazonaws.com/avatars/2016-06-13/50511731271_3b4427cc943421df5a5e_132.png",
    "image_230": "https://slack-files2.s3-us-west-2.amazonaws.com/avatars/2016-06-13/50511731271_3b4427cc943421df5a5e_230.png",
    "image_34": "https://slack-files2.s3-us-west-2.amazonaws.com/avatars/2016-06-13/50511731271_3b4427cc943421df5a5e_34.png",
    "image_44": "https://slack-files2.s3-us-west-2.amazonaws.com/avatars/2016-06-13/50511731271_3b4427cc943421df5a5e_44.png",
    "image_68": "https://slack-files2.s3-us-west-2.amazonaws.com/avatars/2016-06-13/50511731271_3b4427cc943421df5a5e_68.png",
    "image_88": "https://slack-files2.s3-us-west-2.amazonaws.com/avatars/2016-06-13/50511731271_3b4427cc943421df5a5e_88.png",
    "image_original": "https://slack-files2.s3-us-west-2.amazonaws.com/avatars/2016-06-13/50511731271_3b4427cc943421df5a5e_original.png"
  },
  "teamId": "T1G453ZUP"
}
[07/18/18, 20:44:52:389] info: Store: UPDATE_TEAM_LOCALE
{
  "locale": "en-US",
  "teamId": "T1G453ZUP"
}
[07/18/18, 20:44:53:914] info: NetworkStatus: Response from api.test
{
  "status": "online"
}
[07/18/18, 20:44:54:316] info: Store: SET_NETWORK_STATUS online
[07/18/18, 20:44:54:317] warn: Base Component: Attempting to update LoadingScreen when unmounted.
[07/18/18, 20:54:56:222] info: Store: SAVE_WINDOW_SETTINGS
{
  "isMaximized": false,
  "position": [
    1922,
    203
  ],
  "size": [
    1916,
    1057
  ]
}
[07/18/18, 20:55:56:912] info: Store: SELECT_CHANNEL C1G4577UM
[07/18/18, 20:56:58:475] info: Store: SELECT_CHANNEL GBH29TDHR
[07/18/18, 21:04:04:892] info: Store: SELECT_CHANNEL C6E0ZEYLE
[07/18/18, 21:04:21:305] info: Store: SELECT_CHANNEL GBH29TDHR
[07/18/18, 21:06:20:859] info: Store: SAVE_WINDOW_SETTINGS
{
  "isMaximized": false,
  "position": [
    -3838,
    203
  ],
  "size": [
    1916,
    1057
  ]
}
[07/18/18, 21:06:21:911] info: Store: SAVE_WINDOW_SETTINGS
{
  "isMaximized": false,
  "position": [
    1922,
    203
  ],
  "size": [
    1916,
    1057
  ]
}
[07/18/18, 21:07:41:537] info: Store: SELECT_CHANNEL C6E0ZEYLE
[07/18/18, 21:07:43:131] info: Store: SELECT_CHANNEL GBH29TDHR
[07/18/18, 21:07:44:332] info: Store: SELECT_CHANNEL GBHRY1DQ9
[07/18/18, 21:07:46:688] info: Store: SELECT_CHANNEL CA7GHA0TW
[07/18/18, 21:07:49:011] info: Store: SELECT_CHANNEL C6E0ZEYLE
[07/18/18, 21:08:04:152] info: Store: SELECT_CHANNEL CA7GHA0TW
[07/18/18, 21:08:21:333] info: Store: SELECT_CHANNEL GBH29TDHR
[07/18/18, 21:13:54:206] info: Store: SELECT_CHANNEL DBEJUGTC3
[07/18/18, 21:13:56:373] info: Store: SELECT_CHANNEL DBE6TST09
[07/18/18, 21:13:57:776] info: Store: SELECT_CHANNEL GBHRY1DQ9
[07/18/18, 21:13:58:761] info: Store: SELECT_CHANNEL CA7GHA0TW
[07/18/18, 21:14:03:384] info: Store: SELECT_CHANNEL GBH29TDHR
[07/18/18, 21:14:41:426] info: Store: SELECT_CHANNEL GBHRY1DQ9
[07/18/18, 21:14:41:995] info: Store: SELECT_CHANNEL CA7GHA0TW
[07/18/18, 21:14:59:539] info: Store: SELECT_CHANNEL DB8HPAZ17
[07/18/18, 21:15:02:141] info: Store: SELECT_CHANNEL GBH29TDHR
[07/18/18, 21:15:19:235] info: Store: SAVE_WINDOW_SETTINGS
{
  "isMaximized": false,
  "position": [
    -3838,
    203
  ],
  "size": [
    1916,
    1057
  ]
}
[07/18/18, 21:16:56:989] info: Store: SAVE_WINDOW_SETTINGS
{
  "isMaximized": false,
  "position": [
    1922,
    203
  ],
  "size": [
    1916,
    1057
  ]
}
[07/18/18, 21:20:02:267] info: Store: SAVE_WINDOW_SETTINGS
{
  "isMaximized": false,
  "position": [
    2880,
    201
  ],
  "size": [
    956,
    1057
  ]
}
[07/18/18, 21:22:56:098] info: Store: SELECT_CHANNEL CA7GHA0TW
[07/18/18, 21:22:57:538] info: Store: SELECT_CHANNEL GBH29TDHR
[07/18/18, 21:26:33:674] info: Store: SELECT_CHANNEL CA7GHA0TW
[07/18/18, 21:26:37:811] info: Store: SELECT_CHANNEL GBH29TDHR
[07/18/18, 21:29:37:128] info: Store: OPEN_CONTEXT_MENU
{
  "id": 4,
  "params": "[REDACTED]"
}
[07/18/18, 21:43:42:371] info: Store: SELECT_CHANNEL C6E0ZEYLE
[07/18/18, 21:43:55:703] info: Store: SELECT_CHANNEL GBH29TDHR
[07/18/18, 21:46:52:015] info: Store: SELECT_CHANNEL DBE6TST09
[07/18/18, 21:47:00:431] info: Store: SELECT_CHANNEL DBHJU54JX
[07/18/18, 21:47:02:876] info: Store: SELECT_CHANNEL DBE6TST09
[07/18/18, 21:47:05:999] info: Store: SELECT_CHANNEL GBH29TDHR
[07/18/18, 21:47:42:925] info: Store: SELECT_CHANNEL DBE6TST09
[07/18/18, 21:47:53:821] info: Store: SELECT_CHANNEL DBHJU54JX
[07/18/18, 21:47:55:701] info: Store: SELECT_CHANNEL GBH29TDHR
[07/18/18, 21:49:28:987] info: Store: SELECT_CHANNEL DBE6TST09
[07/18/18, 21:49:30:783] info: Store: SELECT_CHANNEL DBHJU54JX
[07/18/18, 21:49:33:210] info: Store: SELECT_CHANNEL GBH29TDHR
[07/18/18, 21:53:15:458] info: Store: SELECT_CHANNEL DBE6TST09
[07/18/18, 21:53:20:444] info: Store: SELECT_CHANNEL GBH29TDHR
[07/18/18, 21:53:55:177] info: Store: SELECT_CHANNEL DBE6TST09
[07/18/18, 21:54:24:386] info: Store: SELECT_CHANNEL GBH29TDHR
[07/18/18, 21:55:42:217] info: Store: SELECT_CHANNEL DBE6TST09
[07/18/18, 21:56:40:500] info: Store: SELECT_CHANNEL GBH29TDHR
[07/18/18, 21:58:06:036] info: Store: SELECT_CHANNEL DBE6TST09
[07/18/18, 21:58:08:355] info: Store: SELECT_CHANNEL DB8HPAZ17
[07/18/18, 21:58:08:818] info: Store: SELECT_CHANNEL DBHJU54JX
[07/18/18, 21:58:10:248] info: Store: SELECT_CHANNEL GBH29TDHR
[07/18/18, 21:59:20:285] info: Store: SELECT_CHANNEL DBE6TST09
[07/18/18, 21:59:23:723] info: Store: SELECT_CHANNEL GBH29TDHR
[07/18/18, 22:00:07:258] info: Store: SELECT_CHANNEL DBE6TST09
[07/18/18, 22:00:18:357] info: Store: SELECT_CHANNEL GBH29TDHR
[07/18/18, 22:01:53:440] info: Store: SELECT_CHANNEL DBE6TST09
[07/18/18, 22:03:01:892] info: Store: SELECT_CHANNEL GBH29TDHR
[07/18/18, 22:03:08:994] info: Store: SELECT_CHANNEL CA7GHA0TW
[07/18/18, 22:03:20:396] info: Store: SELECT_CHANNEL C6E0ZEYLE
[07/18/18, 22:03:21:746] info: Store: SELECT_CHANNEL GBH29TDHR
[07/18/18, 22:04:13:624] info: Store: SELECT_CHANNEL DBE6TST09
[07/18/18, 22:04:17:301] info: Store: SELECT_CHANNEL GBH29TDHR
[07/18/18, 22:05:38:879] info: Store: SELECT_CHANNEL GBHRY1DQ9
[07/18/18, 22:05:39:912] info: Store: SELECT_CHANNEL GBH29TDHR
[07/18/18, 22:06:42:123] info: Store: SET_SUSPEND_STATUS
[07/19/18, 09:13:34:648] info: Store: SET_SUSPEND_STATUS true
[07/19/18, 09:13:34:933] info: Store: SET_NETWORK_STATUS offline
[07/19/18, 09:13:39:474] info: NetworkStatus: Waiting for network online…
[07/19/18, 09:13:39:479] info: NetworkStatus: Network check failed
{
  "error": {
    "message": "Failed to fetch",
    "stack": "TypeError: Failed to fetch"
  }
}
[07/19/18, 09:13:39:479] info: NetworkStatus: Response from api.test
{
  "status": "offline"
}
[07/19/18, 09:13:41:717] info: Store: UPDATE_TEAM_ICONS
{
  "icons": {
    "image_102": "https://slack-files2.s3-us-west-2.amazonaws.com/avatars/2016-06-13/50511731271_3b4427cc943421df5a5e_102.png",
    "image_132": "https://slack-files2.s3-us-west-2.amazonaws.com/avatars/2016-06-13/50511731271_3b4427cc943421df5a5e_132.png",
    "image_230": "https://slack-files2.s3-us-west-2.amazonaws.com/avatars/2016-06-13/50511731271_3b4427cc943421df5a5e_230.png",
    "image_34": "https://slack-files2.s3-us-west-2.amazonaws.com/avatars/2016-06-13/50511731271_3b4427cc943421df5a5e_34.png",
    "image_44": "https://slack-files2.s3-us-west-2.amazonaws.com/avatars/2016-06-13/50511731271_3b4427cc943421df5a5e_44.png",
    "image_68": "https://slack-files2.s3-us-west-2.amazonaws.com/avatars/2016-06-13/50511731271_3b4427cc943421df5a5e_68.png",
    "image_88": "https://slack-files2.s3-us-west-2.amazonaws.com/avatars/2016-06-13/50511731271_3b4427cc943421df5a5e_88.png",
    "image_original": "https://slack-files2.s3-us-west-2.amazonaws.com/avatars/2016-06-13/50511731271_3b4427cc943421df5a5e_original.png"
  },
  "teamId": "T1G453ZUP"
}
[07/19/18, 09:13:41:788] info: Store: UPDATE_TEAM_LOCALE
{
  "locale": "en-US",
  "teamId": "T1G453ZUP"
}
[07/19/18, 09:13:44:625] info: NetworkStatus: Response from api.test
{
  "status": "online"
}
[07/19/18, 09:13:45:028] info: Store: SET_NETWORK_STATUS online
[07/19/18, 09:13:45:028] warn: Base Component: Attempting to update LoadingScreen when unmounted.
[07/19/18, 09:39:15:885] info: Store: SAVE_WINDOW_SETTINGS
{
  "isMaximized": false,
  "position": [
    2880,
    201
  ],
  "size": [
    956,
    1057
  ]
}
[07/19/18, 09:41:22:735] info: Store: SAVE_WINDOW_SETTINGS
{
  "isMaximized": false,
  "position": [
    1920,
    201
  ],
  "size": [
    1916,
    1057
  ]
}
[07/19/18, 09:41:32:107] info: Store: SET_SUSPEND_STATUS
[07/19/18, 11:35:03:711] info: Store: SET_SUSPEND_STATUS true
[07/19/18, 11:35:03:907] info: Store: SET_NETWORK_STATUS offline
[07/19/18, 11:35:08:698] info: NetworkStatus: Waiting for network online…
[07/19/18, 11:35:08:706] info: NetworkStatus: Network check failed
{
  "error": {
    "message": "Failed to fetch",
    "stack": "TypeError: Failed to fetch"
  }
}
[07/19/18, 11:35:08:706] info: NetworkStatus: Response from api.test
{
  "status": "offline"
}
[07/19/18, 11:35:13:844] info: NetworkStatus: Response from api.test
{
  "status": "online"
}
[07/19/18, 11:35:14:245] info: Store: SET_NETWORK_STATUS online
[07/19/18, 11:35:14:246] warn: Base Component: Attempting to update LoadingScreen when unmounted.
[07/19/18, 11:35:21:094] info: Store: RELOAD
{
  "everything": false
}
