[07/17/18, 12:34:24:595] info: ╔═════════════════════════════════════════════════════════════════════════════╗
[07/17/18, 12:34:24:596] info: ║      Slack 3.2.1, linux 4.17.5-1-ARCH on x64 at 07/17/18, 12:34:24:593      ║
[07/17/18, 12:34:24:596] info: ╚═════════════════════════════════════════════════════════════════════════════╝
[07/17/18, 12:34:24:721] info: Initializing local storage instance at path: /home/fleip/.config/Slack/local-settings.json
[07/17/18, 12:34:24:839] info: NetworkStatus: Waiting for network online…
[07/17/18, 12:34:24:991] info: Store: BACKGROUND_CLIENTS_INITIALIZED
[07/17/18, 12:34:24:995] info: Store: BACKGROUND_CLIENTS_INITIALIZED true
[07/17/18, 12:34:25:216] info: NetworkStatus: Response from api.test
{
  "status": "online"
}
[07/17/18, 12:34:25:619] info: Store: SET_NETWORK_STATUS online
[07/17/18, 12:34:25:623] info: Store: MAIN_WINDOW_SHOWN
[07/17/18, 12:34:25:642] info: Store: ADD_WINDOW
{
  "id": 3,
  "type": "sign-in"
}
[07/17/18, 12:34:45:226] info: Store: REMOVE_WINDOW 3
[07/17/18, 12:34:45:248] info: Store: ADD_NEW_TEAM
{
  "id": "U9QV5PR2P",
  "name": "[REDACTED]",
  "team_id": "T1G453ZUP",
  "team_name": "[REDACTED]",
  "team_url": "[REDACTED]"
}
[07/17/18, 12:34:45:253] info: Store: UPSERT_WEB_CONTENTS
{
  "id": 4,
  "state": "unloaded",
  "teamId": "T1G453ZUP"
}
[07/17/18, 12:34:46:292] info: Store: SAVE_WINDOW_SETTINGS
{
  "isMaximized": false,
  "position": [
    1922,
    203
  ],
  "size": [
    956,
    1057
  ]
}
[07/17/18, 12:34:49:185] info: Store: UPSERT_WEB_CONTENTS
{
  "id": 4,
  "state": "loaded",
  "teamId": "T1G453ZUP"
}
[07/17/18, 12:34:49:433] info: Store: UPDATE_SESSION_STATUS
{
  "hasValidSession": true,
  "teamId": "T1G453ZUP"
}
[07/17/18, 12:34:50:294] info: Store: SELECT_CHANNEL C1G4AJ96D
[07/17/18, 12:34:50:295] info: Store: UPDATE_TEAM_LOCALE
{
  "locale": "en-US",
  "teamId": "T1G453ZUP"
}
[07/17/18, 12:34:50:296] info: Store: UPDATE_SETTINGS
{
  "locale": "en-US"
}
[07/17/18, 12:34:50:300] info: Store: UPDATE_TEAM_THEME
{
  "teamId": "T1G453ZUP",
  "theme": {
    "active_item": "#4C9689",
    "active_item_text": "#FFFFFF",
    "active_presence": "#38978D",
    "badge": "#EB4D5C",
    "column_bg": "#4D394B",
    "hover_item": "#3E313C",
    "menu_bg": "#3E313C",
    "text_color": "#FFFFFF"
  }
}
[07/17/18, 12:34:50:460] info: Store: UPDATE_TEAM_ICONS
{
  "icons": {
    "image_102": "https://slack-files2.s3-us-west-2.amazonaws.com/avatars/2016-06-13/50511731271_3b4427cc943421df5a5e_102.png",
    "image_132": "https://slack-files2.s3-us-west-2.amazonaws.com/avatars/2016-06-13/50511731271_3b4427cc943421df5a5e_132.png",
    "image_230": "https://slack-files2.s3-us-west-2.amazonaws.com/avatars/2016-06-13/50511731271_3b4427cc943421df5a5e_230.png",
    "image_34": "https://slack-files2.s3-us-west-2.amazonaws.com/avatars/2016-06-13/50511731271_3b4427cc943421df5a5e_34.png",
    "image_44": "https://slack-files2.s3-us-west-2.amazonaws.com/avatars/2016-06-13/50511731271_3b4427cc943421df5a5e_44.png",
    "image_68": "https://slack-files2.s3-us-west-2.amazonaws.com/avatars/2016-06-13/50511731271_3b4427cc943421df5a5e_68.png",
    "image_88": "https://slack-files2.s3-us-west-2.amazonaws.com/avatars/2016-06-13/50511731271_3b4427cc943421df5a5e_88.png",
    "image_original": "https://slack-files2.s3-us-west-2.amazonaws.com/avatars/2016-06-13/50511731271_3b4427cc943421df5a5e_original.png"
  },
  "teamId": "T1G453ZUP"
}
[07/17/18, 12:34:50:530] info: Store: UPDATE_TEAM_LOCALE
{
  "locale": "en-US",
  "teamId": "T1G453ZUP"
}
[07/17/18, 12:34:50:534] info: Store: UPSERT_WEB_CONTENTS
{
  "id": 4,
  "state": "webapp-loaded",
  "teamId": "T1G453ZUP"
}
[07/17/18, 12:34:50:868] info: Store: STORE_ENTERPRISE_ID_PAIR
{
  "enterpriseId": null,
  "teamId": "T1G453ZUP"
}
[07/17/18, 12:34:50:869] info: Store: STORE_API_TOKEN
{
  "teamId": "T1G453ZUP",
  "token": "xoxs-⋯"
}
[07/17/18, 12:34:54:267] info: Store: SELECT_CHANNEL C6E0ZEYLE
[07/17/18, 12:34:56:861] info: Store: SELECT_CHANNEL GBHRY1DQ9
[07/17/18, 12:34:57:279] info: Store: SELECT_CHANNEL GBH29TDHR
[07/17/18, 12:35:00:873] info: Store: SAVE_WINDOW_SETTINGS
{
  "isMaximized": false,
  "position": [
    -1918,
    203
  ],
  "size": [
    956,
    1057
  ]
}
[07/17/18, 12:40:41:662] info: Store: SAVE_WINDOW_SETTINGS
{
  "isMaximized": false,
  "position": [
    1922,
    203
  ],
  "size": [
    956,
    1057
  ]
}
[07/17/18, 12:42:16:754] info: Store: SAVE_WINDOW_SETTINGS
{
  "isMaximized": false,
  "position": [
    -1918,
    203
  ],
  "size": [
    956,
    1057
  ]
}
[07/17/18, 12:42:23:045] info: Store: SAVE_WINDOW_SETTINGS
{
  "isMaximized": false,
  "position": [
    1922,
    203
  ],
  "size": [
    956,
    1057
  ]
}
[07/17/18, 12:42:37:500] info: Store: SET_SUSPEND_STATUS
[07/17/18, 14:59:10:628] info: Store: SET_SUSPEND_STATUS true
[07/17/18, 14:59:15:939] info: Store: UPDATE_TEAM_ICONS
{
  "icons": {
    "image_102": "https://slack-files2.s3-us-west-2.amazonaws.com/avatars/2016-06-13/50511731271_3b4427cc943421df5a5e_102.png",
    "image_132": "https://slack-files2.s3-us-west-2.amazonaws.com/avatars/2016-06-13/50511731271_3b4427cc943421df5a5e_132.png",
    "image_230": "https://slack-files2.s3-us-west-2.amazonaws.com/avatars/2016-06-13/50511731271_3b4427cc943421df5a5e_230.png",
    "image_34": "https://slack-files2.s3-us-west-2.amazonaws.com/avatars/2016-06-13/50511731271_3b4427cc943421df5a5e_34.png",
    "image_44": "https://slack-files2.s3-us-west-2.amazonaws.com/avatars/2016-06-13/50511731271_3b4427cc943421df5a5e_44.png",
    "image_68": "https://slack-files2.s3-us-west-2.amazonaws.com/avatars/2016-06-13/50511731271_3b4427cc943421df5a5e_68.png",
    "image_88": "https://slack-files2.s3-us-west-2.amazonaws.com/avatars/2016-06-13/50511731271_3b4427cc943421df5a5e_88.png",
    "image_original": "https://slack-files2.s3-us-west-2.amazonaws.com/avatars/2016-06-13/50511731271_3b4427cc943421df5a5e_original.png"
  },
  "teamId": "T1G453ZUP"
}
[07/17/18, 14:59:16:019] info: Store: UPDATE_TEAM_LOCALE
{
  "locale": "en-US",
  "teamId": "T1G453ZUP"
}
[07/17/18, 15:01:27:422] info: Store: SET_SUSPEND_STATUS
[07/17/18, 16:06:20:666] info: Store: SET_SUSPEND_STATUS true
[07/17/18, 16:06:20:875] info: Store: SET_NETWORK_STATUS offline
[07/17/18, 16:06:24:939] info: NetworkStatus: Waiting for network online…
[07/17/18, 16:06:24:944] info: NetworkStatus: Network check failed
{
  "error": {
    "message": "Failed to fetch",
    "stack": "TypeError: Failed to fetch"
  }
}
[07/17/18, 16:06:24:945] info: NetworkStatus: Response from api.test
{
  "status": "offline"
}
[07/17/18, 16:06:30:132] info: NetworkStatus: Response from api.test
{
  "status": "online"
}
[07/17/18, 16:06:30:534] info: Store: SET_NETWORK_STATUS online
[07/17/18, 16:06:30:535] warn: Base Component: Attempting to update LoadingScreen when unmounted.
[07/17/18, 16:06:58:669] info: Store: UPDATE_TEAM_ICONS
{
  "icons": {
    "image_102": "https://slack-files2.s3-us-west-2.amazonaws.com/avatars/2016-06-13/50511731271_3b4427cc943421df5a5e_102.png",
    "image_132": "https://slack-files2.s3-us-west-2.amazonaws.com/avatars/2016-06-13/50511731271_3b4427cc943421df5a5e_132.png",
    "image_230": "https://slack-files2.s3-us-west-2.amazonaws.com/avatars/2016-06-13/50511731271_3b4427cc943421df5a5e_230.png",
    "image_34": "https://slack-files2.s3-us-west-2.amazonaws.com/avatars/2016-06-13/50511731271_3b4427cc943421df5a5e_34.png",
    "image_44": "https://slack-files2.s3-us-west-2.amazonaws.com/avatars/2016-06-13/50511731271_3b4427cc943421df5a5e_44.png",
    "image_68": "https://slack-files2.s3-us-west-2.amazonaws.com/avatars/2016-06-13/50511731271_3b4427cc943421df5a5e_68.png",
    "image_88": "https://slack-files2.s3-us-west-2.amazonaws.com/avatars/2016-06-13/50511731271_3b4427cc943421df5a5e_88.png",
    "image_original": "https://slack-files2.s3-us-west-2.amazonaws.com/avatars/2016-06-13/50511731271_3b4427cc943421df5a5e_original.png"
  },
  "teamId": "T1G453ZUP"
}
[07/17/18, 16:06:58:737] info: Store: UPDATE_TEAM_LOCALE
{
  "locale": "en-US",
  "teamId": "T1G453ZUP"
}
[07/17/18, 16:55:08:047] info: Store: NEW_NOTIFICATION
{
  "avatarImage": "https://a.slack-edge.com/436da/img/unknown_avatar.png",
  "channel": "C2F0ZH9T7",
  "content": "[REDACTED]",
  "id": "v87WiWhAGANMy34",
  "launchUri": "slack://channel?id=C2F0ZH9T7&message=1531839382.000461&team=T1G453ZUP",
  "msg": "1531839382.000461",
  "silent": true,
  "subtitle": "",
  "teamId": "T1G453ZUP",
  "title": "[REDACTED]"
}
[07/17/18, 17:12:03:185] info: Store: NEW_NOTIFICATION
{
  "avatarImage": "https://ca.slack-edge.com/T1G453ZUP-UANNX1CQL-g61c606d212c-512",
  "channel": "GBH29TDHR",
  "content": "[REDACTED]",
  "id": "j0VESYi7l7Dx5GL",
  "launchUri": "slack://channel?id=GBH29TDHR&message=1531840397.000566&team=T1G453ZUP",
  "msg": "1531840397.000566",
  "silent": true,
  "subtitle": "",
  "teamId": "T1G453ZUP",
  "title": "[REDACTED]"
}
[07/17/18, 17:12:40:383] info: Store: NEW_NOTIFICATION
{
  "avatarImage": "https://ca.slack-edge.com/T1G453ZUP-UANNX1CQL-g61c606d212c-512",
  "channel": "GBH29TDHR",
  "content": "[REDACTED]",
  "id": "y9OZF6sRJR9yEDz",
  "launchUri": "slack://channel?id=GBH29TDHR&message=1531840435.000069&team=T1G453ZUP",
  "msg": "1531840435.000069",
  "silent": true,
  "subtitle": "",
  "teamId": "T1G453ZUP",
  "title": "[REDACTED]"
}
[07/17/18, 17:13:19:204] info: Store: NEW_NOTIFICATION
{
  "avatarImage": "https://ca.slack-edge.com/T1G453ZUP-UANNX1CQL-g61c606d212c-512",
  "channel": "GBH29TDHR",
  "content": "[REDACTED]",
  "id": "XrAgHMtk1k4MAvY",
  "launchUri": "slack://channel?id=GBH29TDHR&message=1531840473.000590&team=T1G453ZUP",
  "msg": "1531840473.000590",
  "silent": true,
  "subtitle": "",
  "teamId": "T1G453ZUP",
  "title": "[REDACTED]"
}
[07/17/18, 17:21:22:191] info: Store: NEW_NOTIFICATION
{
  "avatarImage": "https://ca.slack-edge.com/T1G453ZUP-UBAE7EUBY-7f47e8983fd9-512",
  "channel": "GBH29TDHR",
  "content": "[REDACTED]",
  "id": "pk6NHAuGnG898Gr",
  "launchUri": "slack://channel?id=GBH29TDHR&message=1531840956.000654&team=T1G453ZUP",
  "msg": "1531840956.000654",
  "silent": true,
  "subtitle": "",
  "teamId": "T1G453ZUP",
  "title": "[REDACTED]"
}
[07/17/18, 17:23:53:771] info: Store: NEW_NOTIFICATION
{
  "avatarImage": "https://ca.slack-edge.com/T1G453ZUP-UANNX1CQL-g61c606d212c-512",
  "channel": "GBH29TDHR",
  "content": "[REDACTED]",
  "id": "AM7BilCYxYoqR6j",
  "launchUri": "slack://channel?id=GBH29TDHR&message=1531841108.000287&team=T1G453ZUP",
  "msg": "1531841108.000287",
  "silent": true,
  "subtitle": "",
  "teamId": "T1G453ZUP",
  "title": "[REDACTED]"
}
[07/17/18, 17:24:47:909] info: Store: NEW_NOTIFICATION
{
  "avatarImage": "https://ca.slack-edge.com/T1G453ZUP-UANNX1CQL-g61c606d212c-512",
  "channel": "GBH29TDHR",
  "content": "[REDACTED]",
  "id": "4zDltmFWnWYQxqW",
  "launchUri": "slack://channel?id=GBH29TDHR&message=1531841162.000443&team=T1G453ZUP",
  "msg": "1531841162.000443",
  "silent": true,
  "subtitle": "",
  "teamId": "T1G453ZUP",
  "title": "[REDACTED]"
}
[07/17/18, 17:41:22:248] info: Store: SAVE_WINDOW_SETTINGS
{
  "isMaximized": false,
  "position": [
    -1918,
    203
  ],
  "size": [
    956,
    1057
  ]
}
[07/17/18, 18:27:55:521] info: Store: NEW_NOTIFICATION
{
  "avatarImage": "https://ca.slack-edge.com/T1G453ZUP-UANNX1CQL-g61c606d212c-512",
  "channel": "GBH29TDHR",
  "content": "[REDACTED]",
  "id": "NYnVi9HRMR6PwA0",
  "launchUri": "slack://channel?id=GBH29TDHR&message=1531844950.000102&team=T1G453ZUP",
  "msg": "1531844950.000102",
  "silent": true,
  "subtitle": "",
  "teamId": "T1G453ZUP",
  "title": "[REDACTED]"
}
[07/17/18, 18:28:08:995] info: Store: NEW_NOTIFICATION
{
  "avatarImage": "https://ca.slack-edge.com/T1G453ZUP-UANNX1CQL-g61c606d212c-512",
  "channel": "GBH29TDHR",
  "content": "[REDACTED]",
  "id": "27Aju0I2w2J5JkQ",
  "launchUri": "slack://channel?id=GBH29TDHR&message=1531844963.000435&team=T1G453ZUP",
  "msg": "1531844963.000435",
  "silent": true,
  "subtitle": "",
  "teamId": "T1G453ZUP",
  "title": "[REDACTED]"
}
[07/17/18, 18:28:30:449] info: Store: NEW_NOTIFICATION
{
  "avatarImage": "https://ca.slack-edge.com/T1G453ZUP-UANNX1CQL-g61c606d212c-512",
  "channel": "GBH29TDHR",
  "content": "[REDACTED]",
  "id": "Q6qYigSkXkZl3Xq",
  "launchUri": "slack://channel?id=GBH29TDHR&message=1531844985.000073&team=T1G453ZUP",
  "msg": "1531844985.000073",
  "silent": true,
  "subtitle": "",
  "teamId": "T1G453ZUP",
  "title": "[REDACTED]"
}
[07/17/18, 18:40:39:599] info: Store: NEW_NOTIFICATION
{
  "avatarImage": "https://ca.slack-edge.com/T1G453ZUP-UA6D15KMF-d139083def21-512",
  "channel": "C6E0ZEYLE",
  "content": "[REDACTED]",
  "id": "NYnVioTRMR65EWJ",
  "launchUri": "slack://channel?id=C6E0ZEYLE&message=1531845714.000166&team=T1G453ZUP",
  "msg": "1531845714.000166",
  "silent": true,
  "subtitle": "",
  "teamId": "T1G453ZUP",
  "title": "[REDACTED]"
}
[07/17/18, 18:46:34:766] info: Store: SAVE_WINDOW_SETTINGS
{
  "isMaximized": false,
  "position": [
    1922,
    203
  ],
  "size": [
    956,
    1057
  ]
}
[07/17/18, 18:46:36:275] info: Store: SAVE_WINDOW_SETTINGS
{
  "isMaximized": false,
  "position": [
    -1918,
    203
  ],
  "size": [
    956,
    1057
  ]
}
[07/17/18, 18:47:01:104] info: Store: SAVE_WINDOW_SETTINGS
{
  "isMaximized": false,
  "position": [
    1922,
    203
  ],
  "size": [
    956,
    1057
  ]
}
[07/17/18, 18:47:09:707] info: Store: RELOAD
{
  "everything": false
}
